2026-06-26 21:57:37, MOVE, v:1, k:fup@invertendo, mode:DOWN
2026-06-26 21:57:38, MOVE, v:1, k:fup@invertendo, mode:PICK
2026-06-26 21:57:41, EXEC, v:1, k:fup@invertendo, mode:FULL, rate:0, size:5
2026-06-26 21:57:37, MOVE, v:1, k:fup@invertendo, mode:EDIT
2026-06-26 21:57:40, MOVE, v:1, k:fup@invertendo, mode:EDIT
2026-06-26 22:15:06, EXEC, v:1, k:fup@invertendo, mode:FULL, rate:100, size:20
2026-06-26 22:15:07, MOVE, v:1, k:fup@invertendo, mode:BACK
2026-06-26 22:15:11, SELF, v:1, k:fup@invertendo, self:1, rate:100
2026-06-26 22:15:23, MOVE, v:1, k:fup@fila, mode:DOWN
2026-06-26 22:15:24, MOVE, v:1, k:fup@fila, mode:PICK
2026-06-26 22:15:37, MOVE, v:1, k:fup@fila, mode:PICK
2026-06-26 22:15:55, MOVE, v:1, k:fup@fila, mode:PICK
2026-06-26 22:16:31, MOVE, v:1, k:fup@fila, mode:PICK
2026-06-26 22:16:33, EXEC, v:1, k:fup@fila, mode:FULL, rate:0, size:5
2026-06-26 22:16:32, MOVE, v:1, k:fup@fila, mode:EDIT
2026-06-26 22:17:58, MOVE, v:1, k:fup@fila, mode:EDIT
2026-06-26 22:34:37, EXEC, v:1, k:fup@fila, mode:FULL, rate:100, size:33
2026-06-26 22:34:39, MOVE, v:1, k:fup@fila, mode:BACK
2026-06-26 22:34:45, SELF, v:1, k:fup@fila, self:1, rate:100
2026-06-26 22:34:53, MOVE, v:1, k:fup@troco, mode:PICK
2026-06-26 22:34:54, EXEC, v:1, k:fup@troco, mode:FULL, rate:0
2026-06-26 22:34:35, MOVE, v:1, k:fup@fila, mode:EDIT
2026-06-26 22:34:37, MOVE, v:1, k:fup@fila, mode:EDIT
2026-06-26 22:34:54, MOVE, v:1, k:fup@troco, mode:EDIT
2026-06-26 22:53:16, EXEC, v:1, k:fup@troco, mode:FULL, rate:100, size:26
2026-06-26 22:53:30, MOVE, v:1, k:fup@troco, mode:BACK
2026-06-26 22:53:35, SELF, v:1, k:fup@troco, self:1, rate:100
2026-06-26 22:56:14, MOVE, v:1, k:fup@casais, mode:DOWN
2026-06-26 22:53:29, MOVE, v:1, k:fup@troco, mode:EDIT
2026-06-26 22:53:16, MOVE, v:1, k:fup@troco, mode:EDIT
2026-06-26 22:56:14, MOVE, v:1, k:fup@casais, mode:EDIT
2026-06-26 22:56:14, MOVE, v:1, k:fup@casais, mode:EDIT
2026-06-26 22:56:18, MOVE, v:1, k:fup@casais, mode:PICK
2026-06-26 22:56:19, EXEC, v:1, k:fup@casais, mode:FULL, rate:0, size:5
2026-06-26 22:56:19, MOVE, v:1, k:fup@casais, mode:EDIT
2026-06-26 23:05:26, MOVE, v:1, k:fup@casais, mode:EDIT
2026-06-26 23:14:24, EXEC, v:1, k:fup@casais, mode:FULL, rate:100, size:34
2026-06-26 23:14:28, MOVE, v:1, k:fup@casais, mode:BACK
2026-06-26 23:14:37, SELF, v:1, k:fup@casais, self:1, rate:100
2026-06-26 23:15:59, MOVE, v:1, k:fup@exemplares, mode:DOWN
2026-06-26 23:16:00, MOVE, v:1, k:fup@exemplares, mode:PICK
2026-06-26 23:16:01, EXEC, v:1, k:fup@exemplares, mode:FULL, rate:0, size:5
2026-06-26 23:14:22, MOVE, v:1, k:fup@casais, mode:EDIT
2026-06-26 23:14:24, MOVE, v:1, k:fup@casais, mode:EDIT
2026-06-26 23:15:59, MOVE, v:1, k:fup@exemplares, mode:EDIT
2026-06-26 23:15:59, MOVE, v:1, k:fup@exemplares, mode:EDIT
2026-06-26 23:16:01, MOVE, v:1, k:fup@exemplares, mode:EDIT
2026-06-26 23:35:39, EXEC, v:1, k:fup@exemplares, mode:FULL, rate:100, size:44
2026-06-26 23:35:40, MOVE, v:1, k:fup@exemplares, mode:BACK
2026-06-26 23:35:45, SELF, v:1, k:fup@exemplares, self:1, rate:100
2026-06-26 23:35:38, MOVE, v:1, k:fup@exemplares, mode:EDIT
2026-06-26 23:35:39, MOVE, v:1, k:fup@exemplares, mode:EDIT
