2026-03-30 17:26:00, MOVE, v:1, k:fup@guarda, mode:DOWN
2026-03-30 17:26:01, MOVE, v:1, k:fup@guarda, mode:PICK
2026-03-30 17:26:09, EXEC, v:1, k:fup@guarda, mode:FULL, rate:0, size:5
2026-03-30 17:30:42, MOVE, v:1, k:fup@guarda, mode:BACK
2026-03-30 17:31:26, MOVE, v:1, k:fup@guarda, mode:PICK
2026-03-30 17:31:27, EXEC, v:1, k:fup@guarda, mode:FULL, size:7, fail:COMP
2026-03-30 17:39:42, EXEC, v:1, k:fup@guarda, mode:FULL, size:15, fail:COMP
2026-03-30 17:40:34, EXEC, v:1, k:fup@guarda, mode:FULL, size:18, fail:COMP
2026-03-30 17:40:34, EXEC, v:1, k:fup@guarda, mode:FULL, size:18, fail:COMP
2026-03-30 17:40:48, EXEC, v:1, k:fup@guarda, mode:FULL, size:18, fail:COMP
2026-03-30 17:40:50, EXEC, v:1, k:fup@guarda, mode:FULL, fail:COMP
2026-03-30 17:49:41, EXEC, v:1, k:fup@guarda, mode:FULL, rate:0, size:16
2026-03-30 17:50:30, EXEC, v:1, k:fup@guarda, mode:FULL, rate:0, size:17
2026-03-30 17:50:53, EXEC, v:1, k:fup@guarda, mode:FULL, rate:71, size:17
2026-03-30 17:51:04, EXEC, v:1, k:fup@guarda, mode:FULL, rate:71, size:17
2026-03-30 17:51:18, EXEC, v:1, k:fup@guarda, mode:FULL, rate:85, size:17
2026-03-30 17:52:08, EXEC, v:1, k:fup@guarda, mode:FULL, rate:85, size:17
2026-03-30 17:52:34, EXEC, v:1, k:fup@guarda, mode:FULL, rate:85, size:17
2026-03-30 17:52:52, EXEC, v:1, k:fup@guarda, mode:FULL, size:17, fail:COMP
2026-03-30 17:53:08, EXEC, v:1, k:fup@guarda, mode:FULL, rate:85, size:19
2026-03-30 17:54:18, EXEC, v:1, k:fup@guarda, mode:FULL, size:19, fail:COMP
2026-03-30 17:54:18, EXEC, v:1, k:fup@guarda, mode:FULL, size:19, fail:COMP
2026-03-30 17:54:24, EXEC, v:1, k:fup@guarda, mode:FULL, rate:85, size:19
2026-03-30 17:54:29, EXEC, v:1, k:fup@guarda, mode:FULL, rate:0, size:19
2026-03-30 17:54:42, EXEC, v:1, k:fup@guarda, mode:FULL, rate:85, size:19
2026-03-30 17:54:53, EXEC, v:1, k:fup@guarda, mode:FULL, rate:100, size:19
2026-03-30 17:55:08, MOVE, v:1, k:fup@guarda, mode:BACK
2026-03-30 17:55:37, SELF, v:1, k:fup@guarda, self:1, rate:100, study:30, friend:hannah, concept:1
2026-03-30 17:56:22, MOVE, v:1, k:fup@quantos, mode:DOWN
2026-03-30 17:56:24, MOVE, v:1, k:fup@quantos, mode:PICK
2026-03-30 17:56:28, EXEC, v:1, k:fup@quantos, mode:FULL, rate:0, size:5
2026-03-30 18:05:11, EXEC, v:1, k:fup@quantos, mode:FULL, rate:0, size:14
2026-03-30 18:05:37, EXEC, v:1, k:fup@quantos, mode:FULL, rate:0, size:14
2026-03-30 18:05:46, EXEC, v:1, k:fup@quantos, mode:FULL, rate:0, size:14
2026-03-30 18:05:55, EXEC, v:1, k:fup@quantos, mode:FULL, rate:0, size:14
2026-03-30 18:06:05, EXEC, v:1, k:fup@quantos, mode:FULL, rate:0, size:14
2026-03-30 18:06:42, EXEC, v:1, k:fup@quantos, mode:FULL, rate:0, size:12
2026-03-30 18:06:59, EXEC, v:1, k:fup@quantos, mode:FULL, rate:0, size:12
2026-03-30 18:07:16, EXEC, v:1, k:fup@quantos, mode:FULL, rate:0, size:12
2026-03-30 18:07:22, EXEC, v:1, k:fup@quantos, mode:FULL, rate:0, size:12
2026-03-30 18:08:32, EXEC, v:1, k:fup@quantos, mode:FULL, size:12, fail:COMP
2026-03-30 18:08:41, EXEC, v:1, k:fup@quantos, mode:FULL, size:12, fail:COMP
2026-03-30 18:09:03, EXEC, v:1, k:fup@quantos, mode:FULL, rate:0, size:12
2026-03-30 18:11:22, EXEC, v:1, k:fup@quantos, mode:FULL, rate:0, size:12
2026-03-30 18:11:33, EXEC, v:1, k:fup@quantos, mode:FULL, rate:0, size:12
2026-03-30 18:14:06, EXEC, v:1, k:fup@quantos, mode:FULL, rate:0, size:12
2026-03-30 18:15:19, EXEC, v:1, k:fup@quantos, mode:FULL, rate:0, size:12
2026-03-30 18:15:27, EXEC, v:1, k:fup@quantos, mode:FULL, rate:0, size:12
2026-03-30 18:16:02, EXEC, v:1, k:fup@quantos, mode:FULL, rate:0, size:14
2026-03-30 18:19:50, EXEC, v:1, k:fup@quantos, mode:FULL, rate:0, size:14
2026-03-30 18:20:50, EXEC, v:1, k:fup@quantos, mode:FULL, rate:0, size:14
2026-03-30 18:21:11, EXEC, v:1, k:fup@quantos, mode:FULL, rate:100, size:14
2026-03-30 18:21:30, MOVE, v:1, k:fup@quantos, mode:BACK
