2026-03-16 13:13:17, MOVE, v:1, k:fup@resto, mode:PICK
2026-03-16 13:14:00, EXEC, v:1, k:fup@resto, mode:FULL, rate:0
2026-03-16 13:14:01, EXEC, v:1, k:fup@resto, mode:FULL, rate:0
2026-03-16 13:14:01, EXEC, v:1, k:fup@resto, mode:FULL, rate:0
2026-03-16 13:14:42, MOVE, v:1, k:fup@resto, mode:BACK
2026-03-16 13:14:48, MOVE, v:1, k:fup@media, mode:DOWN
2026-03-16 13:15:29, MOVE, v:1, k:fup@media, mode:PICK
2026-03-16 13:15:31, EXEC, v:1, k:fup@media, mode:FULL, rate:0, size:5
2026-03-16 13:20:33, SELF, v:1, k:fup@tres, self:1, rate:100, study:40, friend:sim, hanna., guided:1, concept:1, problem:1, code:1, refactor:1
2026-03-16 13:21:04, MOVE, v:1, k:fup@resto, mode:PICK
2026-03-16 13:21:06, EXEC, v:1, k:fup@resto, mode:FULL, rate:0
2026-03-16 13:25:29, MOVE, v:1, k:fup@resto, mode:BACK
2026-03-16 13:26:29, MOVE, v:1, k:fup@resto, mode:PICK
2026-03-16 13:26:31, EXEC, v:1, k:fup@resto, mode:FULL, rate:0
2026-03-16 13:45:33, EXEC, v:1, k:fup@resto, mode:FULL, rate:100, size:7
2026-03-16 13:45:51, MOVE, v:1, k:fup@resto, mode:BACK
2026-03-16 13:46:51, SELF, v:1, k:fup@resto, self:1, rate:100, study:48
2026-03-16 13:47:11, MOVE, v:1, k:fup@media, mode:PICK
2026-03-16 13:47:13, EXEC, v:1, k:fup@media, mode:FULL, rate:0
2026-03-16 13:47:47, MOVE, v:1, k:fup@media, mode:BACK
2026-03-16 13:47:58, MOVE, v:1, k:fup@media, mode:PICK
2026-03-16 13:48:01, EXEC, v:1, k:fup@media, mode:FULL, rate:0
2026-03-16 13:52:28, EXEC, v:1, k:fup@media, mode:FULL, rate:60, size:7
2026-03-16 13:54:46, EXEC, v:1, k:fup@media, mode:FULL, rate:0, size:7
2026-03-16 13:56:02, EXEC, v:1, k:fup@media, mode:FULL, rate:100, size:7
2026-03-16 13:56:23, MOVE, v:1, k:fup@media, mode:BACK
2026-03-16 13:56:47, SELF, v:1, k:fup@media, self:1, rate:100, study:10
2026-03-16 14:22:51, MOVE, v:1, k:fup@sobrou, mode:DOWN
2026-03-16 14:22:56, MOVE, v:1, k:fup@sobrou, mode:PICK
2026-03-16 14:22:58, EXEC, v:1, k:fup@sobrou, mode:FULL, rate:0, size:5
2026-03-16 14:22:58, EXEC, v:1, k:fup@sobrou, mode:FULL, rate:0, size:5
2026-03-16 14:27:09, MOVE, v:1, k:fup@sobrou, mode:BACK
2026-03-16 14:27:24, MOVE, v:1, k:fup@sobrou, mode:PICK
2026-03-16 14:27:27, EXEC, v:1, k:fup@sobrou, mode:FULL, size:6, fail:COMP
2026-03-16 14:28:38, MOVE, v:1, k:fup@sobrou, mode:BACK
2026-03-16 14:30:28, MOVE, v:1, k:fup@sobrou, mode:PICK
2026-03-16 14:30:30, EXEC, v:1, k:fup@sobrou, mode:FULL, fail:COMP
2026-03-16 14:30:30, EXEC, v:1, k:fup@sobrou, mode:FULL, fail:COMP
2026-03-16 14:31:16, MOVE, v:1, k:fup@sobrou, mode:BACK
2026-03-16 14:31:19, MOVE, v:1, k:fup@resto, mode:PICK
2026-03-16 14:31:21, EXEC, v:1, k:fup@resto, mode:FULL, rate:100
2026-03-16 14:32:54, MOVE, v:1, k:fup@resto, mode:BACK
2026-03-16 14:33:00, MOVE, v:1, k:fup@sobrou, mode:PICK
2026-03-16 14:33:04, EXEC, v:1, k:fup@sobrou, mode:FULL, rate:0, size:7
2026-03-16 14:33:44, MOVE, v:1, k:fup@sobrou, mode:BACK
2026-03-16 14:33:50, MOVE, v:1, k:fup@media, mode:PICK
2026-03-16 14:33:51, EXEC, v:1, k:fup@media, mode:FULL, rate:100
2026-03-16 14:35:00, MOVE, v:1, k:fup@media, mode:BACK
2026-03-16 14:35:03, MOVE, v:1, k:fup@sobrou, mode:PICK
2026-03-16 14:35:04, EXEC, v:1, k:fup@sobrou, mode:FULL, rate:0, size:7
2026-03-16 14:42:16, EXEC, v:1, k:fup@sobrou, mode:FULL, rate:100, size:8
2026-03-16 14:42:49, MOVE, v:1, k:fup@sobrou, mode:BACK
2026-03-16 14:46:37, MOVE, v:1, k:sandbox@user_001, mode:PICK
2026-03-16 14:46:38, EXEC, v:1, k:sandbox@user_001, mode:FULL, rate:100
2026-03-16 14:46:40, MOVE, v:1, k:sandbox@user_001, mode:BACK
2026-03-16 14:46:42, MOVE, v:1, k:sandbox@user_001, mode:PICK
2026-03-16 14:46:44, EXEC, v:1, k:sandbox@user_001, mode:FULL, rate:100
2026-03-16 14:46:45, MOVE, v:1, k:sandbox@user_001, mode:BACK
2026-03-16 14:47:24, MOVE, v:1, k:sandbox@user_001, mode:PICK
2026-03-16 14:47:25, EXEC, v:1, k:sandbox@user_001, mode:FULL, rate:100
2026-03-16 14:47:27, MOVE, v:1, k:sandbox@user_001, mode:BACK
2026-03-16 16:38:35, MOVE, v:1, k:sandbox@user_001, mode:PICK
2026-03-16 16:38:46, EXEC, v:1, k:sandbox@user_001, mode:FULL, rate:100
2026-03-16 16:38:47, EXEC, v:1, k:sandbox@user_001, mode:FULL, rate:100
2026-03-16 16:38:47, MOVE, v:1, k:sandbox@user_001, mode:BACK
2026-03-16 16:41:35, MOVE, v:1, k:sandbox@user_001, mode:PICK
2026-03-16 16:41:36, EXEC, v:1, k:sandbox@user_001, mode:FULL, rate:100
2026-03-16 16:41:38, EXEC, v:1, k:sandbox@user_001, mode:FULL, rate:100
2026-03-16 16:41:39, MOVE, v:1, k:sandbox@user_001, mode:BACK
2026-03-16 16:41:41, MOVE, v:1, k:sandbox@user_001, mode:PICK
2026-03-16 16:41:42, MOVE, v:1, k:sandbox@user_001, mode:BACK
2026-03-16 16:46:04, MOVE, v:1, k:sandbox@user_001, mode:PICK
2026-03-16 16:46:10, EXEC, v:1, k:sandbox@user_001, mode:FULL, rate:100
2026-03-16 16:46:13, MOVE, v:1, k:sandbox@user_001, mode:BACK
2026-03-16 16:46:23, MOVE, v:1, k:sandbox@user_001, mode:PICK
2026-03-16 16:46:25, EXEC, v:1, k:sandbox@user_001, mode:FULL, rate:100
2026-03-16 16:46:26, EXEC, v:1, k:sandbox@user_001, mode:FULL, rate:100
2026-03-16 16:46:27, MOVE, v:1, k:sandbox@user_001, mode:BACK
2026-03-16 16:48:04, MOVE, v:1, k:fup@quebrada, mode:DOWN
2026-03-16 16:49:12, MOVE, v:1, k:fup@tres, mode:PICK
2026-03-16 16:49:14, EXEC, v:1, k:fup@tres, mode:FULL, size:7, fail:COMP
2026-03-16 16:49:23, EXEC, v:1, k:fup@tres, mode:FULL, fail:COMP
2026-03-16 16:49:59, MOVE, v:1, k:fup@tres, mode:BACK
2026-03-16 16:50:03, MOVE, v:1, k:fup@resto, mode:PICK
2026-03-16 16:50:04, EXEC, v:1, k:fup@resto, mode:FULL, rate:100
2026-03-16 16:50:13, EXEC, v:1, k:fup@resto, mode:FULL, rate:100
2026-03-16 16:50:14, MOVE, v:1, k:fup@resto, mode:BACK
2026-03-16 16:50:19, MOVE, v:1, k:fup@media, mode:PICK
2026-03-16 16:50:20, EXEC, v:1, k:fup@media, mode:FULL, rate:100
2026-03-16 16:50:35, MOVE, v:1, k:fup@media, mode:BACK
2026-03-16 16:50:41, MOVE, v:1, k:fup@tres, mode:PICK
2026-03-16 16:50:42, EXEC, v:1, k:fup@tres, mode:FULL, size:7, fail:COMP
2026-03-16 16:51:30, EXEC, v:1, k:fup@tres, mode:FULL, rate:100, size:7
2026-03-16 16:51:34, MOVE, v:1, k:fup@tres, mode:BACK
2026-03-16 16:51:48, SELF, v:1, k:fup@tres, self:1, rate:100, study:10
2026-03-16 16:52:02, MOVE, v:1, k:fup@sobrou, mode:PICK
2026-03-16 16:52:03, EXEC, v:1, k:fup@sobrou, mode:FULL, rate:100
2026-03-16 16:52:05, MOVE, v:1, k:fup@sobrou, mode:BACK
2026-03-16 16:52:59, MOVE, v:1, k:fup@sobrou, mode:PICK
2026-03-16 16:53:01, EXEC, v:1, k:fup@sobrou, mode:FULL, rate:100
2026-03-16 16:53:21, MOVE, v:1, k:fup@sobrou, mode:BACK
2026-03-16 16:53:31, MOVE, v:1, k:fup@segundos, mode:DOWN
2026-03-16 16:53:34, MOVE, v:1, k:fup@segundos, mode:PICK
2026-03-16 16:53:35, EXEC, v:1, k:fup@segundos, mode:FULL, rate:0, size:5
2026-03-16 17:19:54, MOVE, v:1, k:fup@segundos, mode:BACK
2026-03-16 17:20:02, MOVE, v:1, k:fup@sobrou, mode:PICK
2026-03-16 17:20:03, EXEC, v:1, k:fup@sobrou, mode:FULL, rate:100
2026-03-16 17:20:29, MOVE, v:1, k:fup@sobrou, mode:BACK
2026-03-16 17:20:33, MOVE, v:1, k:fup@segundos, mode:PICK
2026-03-16 17:20:34, EXEC, v:1, k:fup@segundos, mode:FULL, size:6, fail:COMP
2026-03-16 17:20:38, MOVE, v:1, k:fup@segundos, mode:BACK
2026-03-16 17:20:39, MOVE, v:1, k:fup@segundos, mode:PICK
2026-03-16 17:20:41, EXEC, v:1, k:fup@segundos, mode:FULL, fail:COMP
2026-03-16 17:27:07, EXEC, v:1, k:fup@segundos, mode:FULL, size:10, fail:COMP
2026-03-16 17:27:17, EXEC, v:1, k:fup@segundos, mode:FULL, size:10, fail:COMP
2026-03-16 17:27:24, EXEC, v:1, k:fup@segundos, mode:FULL, size:10, fail:COMP
2026-03-16 17:27:40, EXEC, v:1, k:fup@segundos, mode:FULL, size:10, fail:COMP
2026-03-16 17:27:53, EXEC, v:1, k:fup@segundos, mode:FULL, rate:0, size:10
2026-03-16 17:36:49, EXEC, v:1, k:fup@segundos, mode:FULL, size:12, fail:COMP
2026-03-16 17:37:15, EXEC, v:1, k:fup@segundos, mode:FULL, rate:0, size:12
2026-03-16 17:37:53, EXEC, v:1, k:fup@segundos, mode:FULL, rate:0, size:12
2026-03-16 17:38:14, EXEC, v:1, k:fup@segundos, mode:FULL, rate:0, size:12
2026-03-16 17:38:43, EXEC, v:1, k:fup@segundos, mode:FULL, rate:0, size:12
2026-03-16 17:40:32, EXEC, v:1, k:fup@segundos, mode:FULL, rate:0, size:12
2026-03-16 17:40:50, EXEC, v:1, k:fup@segundos, mode:FULL, rate:0, size:12
2026-03-16 17:41:08, EXEC, v:1, k:fup@segundos, mode:FULL, size:12, fail:COMP
2026-03-16 17:41:34, EXEC, v:1, k:fup@segundos, mode:FULL, size:12, fail:COMP
2026-03-16 17:42:06, EXEC, v:1, k:fup@segundos, mode:FULL, rate:0, size:12
2026-03-16 17:42:48, EXEC, v:1, k:fup@segundos, mode:FULL, size:12, fail:COMP
2026-03-16 17:42:54, EXEC, v:1, k:fup@segundos, mode:FULL, rate:0, size:12
2026-03-16 17:45:16, EXEC, v:1, k:fup@segundos, mode:FULL, rate:0, size:12
2026-03-16 17:45:40, EXEC, v:1, k:fup@segundos, mode:FULL, rate:100, size:12
2026-03-16 17:47:12, MOVE, v:1, k:fup@segundos, mode:BACK
2026-03-16 17:48:00, SELF, v:1, k:fup@segundos, self:1, rate:100, study:53, concept:1
2026-03-16 17:49:20, MOVE, v:1, k:fup@sobrou, mode:PICK
2026-03-16 17:49:21, EXEC, v:1, k:fup@sobrou, mode:FULL, rate:100
2026-03-16 17:49:23, MOVE, v:1, k:fup@sobrou, mode:BACK
2026-03-16 17:50:32, MOVE, v:1, k:fup@celsius, mode:DOWN
2026-03-16 17:50:34, MOVE, v:1, k:fup@celsius, mode:PICK
2026-03-16 17:50:35, EXEC, v:1, k:fup@celsius, mode:FULL, rate:0, size:5
2026-03-16 18:01:45, EXEC, v:1, k:fup@celsius, mode:FULL, size:9, fail:COMP
2026-03-16 18:02:07, EXEC, v:1, k:fup@celsius, mode:FULL, size:10, fail:COMP
2026-03-16 18:02:44, EXEC, v:1, k:fup@celsius, mode:FULL, size:10, fail:COMP
2026-03-16 18:02:55, EXEC, v:1, k:fup@celsius, mode:FULL, size:10, fail:COMP
2026-03-16 18:03:45, EXEC, v:1, k:fup@celsius, mode:FULL, rate:0, size:10
2026-03-16 18:03:58, EXEC, v:1, k:fup@celsius, mode:FULL, size:10, fail:COMP
2026-03-16 18:04:19, EXEC, v:1, k:fup@celsius, mode:FULL, rate:0, size:10
2026-03-16 18:04:30, EXEC, v:1, k:fup@celsius, mode:FULL, rate:100, size:10
2026-03-16 18:05:08, MOVE, v:1, k:fup@celsius, mode:BACK
2026-03-16 18:05:24, MOVE, v:1, k:fup@pintando, mode:DOWN
2026-03-16 18:05:26, MOVE, v:1, k:fup@pintando, mode:PICK
2026-03-16 18:05:27, EXEC, v:1, k:fup@pintando, mode:FULL, rate:0, size:5
2026-03-16 18:19:17, EXEC, v:1, k:fup@pintando, mode:FULL, size:11, fail:COMP
2026-03-16 18:19:23, EXEC, v:1, k:fup@pintando, mode:FULL, rate:0, size:11
2026-03-16 18:20:50, EXEC, v:1, k:fup@pintando, mode:FULL, rate:0, size:11
2026-03-16 18:22:24, EXEC, v:1, k:fup@pintando, mode:FULL, rate:0, size:11
2026-03-16 18:22:33, EXEC, v:1, k:fup@pintando, mode:FULL, rate:0, size:11
2026-03-16 18:23:32, EXEC, v:1, k:fup@pintando, mode:FULL, size:11, fail:COMP
2026-03-16 18:24:01, EXEC, v:1, k:fup@pintando, mode:FULL, rate:0, size:11
2026-03-16 18:24:54, EXEC, v:1, k:fup@pintando, mode:FULL, rate:0, size:11
2026-03-16 18:25:38, MOVE, v:1, k:fup@pintando, mode:BACK
