2026-04-28 16:47:46, MOVE, v:1, k:sandbox@user_001, mode:PICK
2026-04-28 16:47:47, EXEC, v:1, k:sandbox@user_001, mode:FULL, size:72, fail:COMP
2026-04-28 16:47:50, EXEC, v:1, k:sandbox@user_001, mode:FULL, fail:COMP
2026-04-28 16:48:25, EXEC, v:1, k:sandbox@user_001, mode:FULL, size:76, fail:COMP
2026-04-28 16:50:14, MOVE, v:1, k:sandbox@user_001, mode:BACK
2026-04-28 16:50:29, MOVE, v:1, k:fup@semana, mode:PICK
2026-04-28 16:50:31, EXEC, v:1, k:fup@semana, mode:FULL, rate:100
2026-04-28 16:50:32, MOVE, v:1, k:fup@semana, mode:BACK
2026-04-28 16:50:35, MOVE, v:1, k:fup@varetas, mode:DOWN
2026-04-28 16:50:35, MOVE, v:1, k:fup@varetas, mode:PICK
2026-04-28 16:50:39, EXEC, v:1, k:fup@varetas, mode:FULL, rate:0, size:5
2026-04-28 16:48:24, MOVE, v:1, k:sandbox@user_001, mode:EDIT
2026-04-28 16:50:30, MOVE, v:1, k:fup@semana, mode:EDIT
2026-04-28 16:50:35, MOVE, v:1, k:fup@varetas, mode:EDIT
2026-04-28 16:50:35, MOVE, v:1, k:fup@varetas, mode:EDIT
2026-04-28 16:50:35, MOVE, v:1, k:fup@varetas, mode:EDIT
2026-04-28 16:50:36, MOVE, v:1, k:fup@varetas, mode:EDIT
2026-04-28 16:53:25, EXEC, v:1, k:fup@varetas, mode:FULL, size:18, fail:COMP
2026-04-28 16:53:31, EXEC, v:1, k:fup@varetas, mode:FULL, rate:100, size:18
2026-04-28 16:53:39, MOVE, v:1, k:fup@varetas, mode:BACK
2026-04-28 16:53:51, SELF, v:1, k:fup@varetas, self:1, rate:100, study:10
2026-04-28 16:54:03, MOVE, v:1, k:fup@bhaskara, mode:DOWN
2026-04-28 16:54:05, MOVE, v:1, k:fup@bhaskara, mode:PICK
2026-04-28 16:54:06, EXEC, v:1, k:fup@bhaskara, mode:FULL, rate:0, size:5
2026-04-28 16:56:32, EXEC, v:1, k:fup@bhaskara, mode:FULL, rate:85, size:27
2026-04-28 16:57:28, EXEC, v:1, k:fup@bhaskara, mode:FULL, rate:85, size:25
2026-04-28 16:53:29, MOVE, v:1, k:fup@varetas, mode:EDIT
2026-04-28 16:53:30, MOVE, v:1, k:fup@varetas, mode:EDIT
2026-04-28 16:54:03, MOVE, v:1, k:fup@bhaskara, mode:EDIT
2026-04-28 16:54:03, MOVE, v:1, k:fup@bhaskara, mode:EDIT
2026-04-28 16:57:24, MOVE, v:1, k:fup@bhaskara, mode:EDIT
2026-04-28 16:57:28, MOVE, v:1, k:fup@bhaskara, mode:EDIT
2026-04-28 16:57:46, EXEC, v:1, k:fup@bhaskara, mode:FULL, size:25, fail:COMP
2026-04-28 16:57:59, EXEC, v:1, k:fup@bhaskara, mode:FULL, rate:85, size:25
2026-04-28 17:02:38, MOVE, v:1, k:fup@bhaskara, mode:EDIT
2026-04-28 16:57:59, MOVE, v:1, k:fup@bhaskara, mode:EDIT
2026-04-28 17:03:14, EXEC, v:1, k:fup@bhaskara, mode:FULL, rate:42, size:32
2026-04-28 17:03:41, EXEC, v:1, k:fup@bhaskara, mode:FULL, rate:42
2026-04-28 17:04:25, EXEC, v:1, k:fup@bhaskara, mode:FULL, rate:42
2026-04-28 17:06:38, EXEC, v:1, k:fup@bhaskara, mode:FULL, rate:85, size:31
2026-04-28 17:07:28, EXEC, v:1, k:fup@bhaskara, mode:FULL, rate:85, size:31
2026-04-28 17:07:27, MOVE, v:1, k:fup@bhaskara, mode:EDIT
2026-04-28 17:07:28, MOVE, v:1, k:fup@bhaskara, mode:EDIT
2026-04-28 17:08:40, EXEC, v:1, k:fup@bhaskara, mode:FULL, rate:85, size:26
2026-04-28 17:10:29, EXEC, v:1, k:fup@bhaskara, mode:FULL, rate:85, size:25
2026-04-28 17:12:03, EXEC, v:1, k:fup@bhaskara, mode:FULL, rate:100, size:30
2026-04-28 17:12:14, MOVE, v:1, k:fup@bhaskara, mode:BACK
2026-04-28 17:12:30, SELF, v:1, k:fup@bhaskara, self:1, rate:100, study:15, friend:hanna, concept:1
2026-04-28 17:12:12, MOVE, v:1, k:fup@bhaskara, mode:EDIT
2026-04-28 17:12:03, MOVE, v:1, k:fup@bhaskara, mode:EDIT
2026-04-28 17:14:23, MOVE, v:1, k:fup@cortada, mode:DOWN
2026-04-28 17:14:27, MOVE, v:1, k:fup@cortada, mode:PICK
2026-04-28 17:14:29, EXEC, v:1, k:fup@cortada, mode:FULL, rate:0, size:5
2026-04-28 17:17:02, MOVE, v:1, k:fup@cortada, mode:BACK
2026-04-28 17:17:10, MOVE, v:1, k:fup@cortada, mode:PICK
2026-04-28 17:17:11, EXEC, v:1, k:fup@cortada, mode:FULL, rate:0
2026-04-28 17:14:23, MOVE, v:1, k:fup@cortada, mode:EDIT
2026-04-28 17:14:23, MOVE, v:1, k:fup@cortada, mode:EDIT
2026-04-28 17:14:23, MOVE, v:1, k:fup@cortada, mode:EDIT
2026-04-28 17:17:10, MOVE, v:1, k:fup@cortada, mode:EDIT
2026-04-28 17:21:10, EXEC, v:1, k:fup@cortada, mode:FULL, rate:0, size:14
2026-04-28 17:22:05, MOVE, v:1, k:fup@cortada, mode:EDIT
2026-04-28 17:21:09, MOVE, v:1, k:fup@cortada, mode:EDIT
2026-04-28 17:25:46, EXEC, v:1, k:fup@cortada, mode:FULL, rate:0, size:14
2026-04-28 17:25:44, MOVE, v:1, k:fup@cortada, mode:EDIT
2026-04-28 17:25:46, MOVE, v:1, k:fup@cortada, mode:EDIT
2026-04-28 17:29:24, EXEC, v:1, k:fup@cortada, mode:FREE
2026-04-28 17:29:50, MOVE, v:1, k:fup@cortada, mode:PICK
2026-04-28 17:29:51, EXEC, v:1, k:fup@cortada, mode:FULL, rate:0
2026-04-28 17:34:38, MOVE, v:1, k:fup@cortada, mode:BACK
2026-04-28 17:34:41, MOVE, v:1, k:fup@bhaskara, mode:PICK
2026-04-28 17:34:43, EXEC, v:1, k:fup@bhaskara, mode:FULL, rate:100, size:29
2026-04-28 17:29:51, MOVE, v:1, k:fup@cortada, mode:EDIT
2026-04-28 17:30:05, MOVE, v:1, k:fup@cortada, mode:EDIT
2026-04-28 17:34:43, MOVE, v:1, k:fup@bhaskara, mode:EDIT
2026-04-28 17:34:55, MOVE, v:1, k:fup@bhaskara, mode:BACK
2026-04-28 17:34:58, MOVE, v:1, k:fup@cortada, mode:PICK
2026-04-28 17:35:00, EXEC, v:1, k:fup@cortada, mode:FULL, size:9, fail:COMP
2026-04-28 17:35:00, EXEC, v:1, k:fup@cortada, mode:FULL, size:9, fail:COMP
2026-04-28 17:35:04, EXEC, v:1, k:fup@cortada, mode:FULL, size:9, fail:COMP
2026-04-28 17:35:20, EXEC, v:1, k:fup@cortada, mode:FULL, size:8, fail:COMP
2026-04-28 17:35:21, EXEC, v:1, k:fup@cortada, mode:FULL, fail:COMP
2026-04-28 17:35:26, EXEC, v:1, k:fup@cortada, mode:FULL, fail:COMP
2026-04-28 17:35:56, EXEC, v:1, k:fup@cortada, mode:FULL, fail:COMP
2026-04-28 17:36:10, EXEC, v:1, k:fup@cortada, mode:FULL, size:10, fail:COMP
2026-04-28 17:36:13, EXEC, v:1, k:fup@cortada, mode:FULL, fail:COMP
2026-04-28 17:36:14, EXEC, v:1, k:fup@cortada, mode:FULL, fail:COMP
2026-04-28 17:36:14, EXEC, v:1, k:fup@cortada, mode:FULL, fail:COMP
2026-04-28 17:36:15, EXEC, v:1, k:fup@cortada, mode:FULL, fail:COMP
2026-04-28 17:36:15, EXEC, v:1, k:fup@cortada, mode:FULL, fail:COMP
2026-04-28 17:36:26, EXEC, v:1, k:fup@cortada, mode:FULL, rate:0, size:10
2026-04-28 17:36:39, EXEC, v:1, k:fup@cortada, mode:FULL, rate:0, size:10
2026-04-28 17:37:43, EXEC, v:1, k:fup@cortada, mode:FULL, rate:0, size:14
2026-04-28 17:38:04, EXEC, v:1, k:fup@cortada, mode:FULL, rate:27, size:14
2026-04-28 17:38:02, MOVE, v:1, k:fup@cortada, mode:EDIT
2026-04-28 17:38:04, MOVE, v:1, k:fup@cortada, mode:EDIT
2026-04-28 17:52:35, EXEC, v:1, k:fup@cortada, mode:FULL, rate:39, size:14
2026-04-28 17:52:33, MOVE, v:1, k:fup@cortada, mode:EDIT
2026-04-28 17:52:35, MOVE, v:1, k:fup@cortada, mode:EDIT
2026-04-28 17:56:20, EXEC, v:1, k:fup@cortada, mode:FULL, rate:45, size:14
2026-04-28 17:58:15, MOVE, v:1, k:fup@cortada, mode:BACK
2026-04-28 18:01:50, MOVE, v:1, k:fup@cortada, mode:PICK
2026-04-28 18:01:52, EXEC, v:1, k:fup@cortada, mode:FULL, rate:45
2026-04-28 18:01:51, MOVE, v:1, k:fup@cortada, mode:EDIT
2026-04-28 18:11:45, MOVE, v:1, k:fup@cortada, mode:EDIT
2026-04-28 18:16:46, MOVE, v:1, k:fup@cortada, mode:EDIT
2026-04-28 18:20:40, EXEC, v:1, k:fup@cortada, mode:FULL, rate:12, size:15
2026-04-28 18:21:47, MOVE, v:1, k:fup@cortada, mode:EDIT
2026-04-28 18:20:40, MOVE, v:1, k:fup@cortada, mode:EDIT
2026-04-28 18:21:52, EXEC, v:1, k:fup@cortada, mode:FULL, rate:3, size:15
2026-04-28 18:23:18, EXEC, v:1, k:fup@cortada, mode:FULL, size:17, fail:COMP
2026-04-28 18:23:23, EXEC, v:1, k:fup@cortada, mode:FULL, fail:COMP
2026-04-28 18:23:28, EXEC, v:1, k:fup@cortada, mode:FULL, rate:0, size:15
2026-04-28 18:24:47, EXEC, v:1, k:fup@cortada, mode:FULL, rate:39, size:15
2026-04-28 18:24:55, EXEC, v:1, k:fup@cortada, mode:FULL, rate:78, size:15
2026-04-28 18:25:39, EXEC, v:1, k:fup@cortada, mode:FULL, rate:42, size:15
2026-04-28 18:26:09, EXEC, v:1, k:fup@cortada, mode:FULL, rate:21, size:15
2026-04-28 18:26:24, MOVE, v:1, k:fup@cortada, mode:EDIT
2026-04-28 18:26:08, MOVE, v:1, k:fup@cortada, mode:EDIT
2026-04-28 18:26:58, EXEC, v:1, k:fup@cortada, mode:FULL, rate:45, size:15
2026-04-28 18:28:00, MOVE, v:1, k:fup@cortada, mode:EDIT
2026-04-28 18:26:57, MOVE, v:1, k:fup@cortada, mode:EDIT
