2026-03-10 17:13:25, MOVE, v:1, k:sandbox@user_001, mode:PICK
2026-03-10 17:13:28, EXEC, v:1, k:sandbox@user_001, mode:FULL, size:5, fail:COMP
2026-03-10 17:13:28, EXEC, v:1, k:sandbox@user_001, mode:FULL, size:5, fail:COMP
2026-03-10 17:13:29, EXEC, v:1, k:sandbox@user_001, mode:FULL, size:5, fail:COMP
2026-03-10 17:13:30, EXEC, v:1, k:sandbox@user_001, mode:FULL, fail:COMP
2026-03-10 17:13:40, EXEC, v:1, k:sandbox@user_001, mode:FULL, fail:COMP
2026-03-10 17:13:41, MOVE, v:1, k:sandbox@user_001, mode:BACK
2026-03-10 17:13:49, MOVE, v:1, k:sandbox@user_001, mode:PICK
2026-03-10 17:13:49, EXEC, v:1, k:sandbox@user_001, mode:FULL, fail:COMP
2026-03-10 17:15:42, EXEC, v:1, k:sandbox@user_001, mode:FULL, size:5, fail:COMP
2026-03-10 17:15:47, EXEC, v:1, k:sandbox@user_001, mode:FULL, fail:COMP
2026-03-10 17:15:48, EXEC, v:1, k:sandbox@user_001, mode:FULL, fail:COMP
2026-03-10 17:16:10, MOVE, v:1, k:sandbox@user_001, mode:PICK
2026-03-10 17:16:11, EXEC, v:1, k:sandbox@user_001, mode:FULL, fail:COMP
2026-03-10 17:19:24, EXEC, v:1, k:sandbox@user_001, mode:FREE
2026-03-10 17:31:44, MOVE, v:1, k:sandbox@user_001, mode:PICK
2026-03-10 17:31:46, EXEC, v:1, k:sandbox@user_001, mode:FULL, size:6, fail:COMP
2026-03-10 17:32:26, MOVE, v:1, k:sandbox@user_001, mode:BACK
2026-03-10 17:32:35, MOVE, v:1, k:sandbox@user_001, mode:PICK
2026-03-10 17:32:36, EXEC, v:1, k:sandbox@user_001, mode:FULL, fail:COMP
2026-03-10 17:32:41, MOVE, v:1, k:sandbox@user_001, mode:BACK
2026-03-10 17:35:56, MOVE, v:1, k:sandbox@user_001, mode:PICK
2026-03-10 17:36:07, EXEC, v:1, k:sandbox@user_001, mode:LOCK, rate:0
2026-03-10 17:40:33, MOVE, v:1, k:sandbox@user_001, mode:BACK
2026-03-10 17:40:36, MOVE, v:1, k:sandbox@user_001, mode:PICK
2026-03-10 17:40:38, EXEC, v:1, k:sandbox@user_001, mode:LOCK, rate:0, size:6
2026-03-10 17:40:38, EXEC, v:1, k:sandbox@user_001, mode:LOCK, rate:0, size:6
2026-03-10 17:41:19, EXEC, v:1, k:sandbox@user_001, mode:LOCK, rate:0, size:6
2026-03-10 17:43:18, EXEC, v:1, k:sandbox@user_001, mode:LOCK, rate:0, size:7
2026-03-10 17:43:30, MOVE, v:1, k:sandbox@user_001, mode:BACK
2026-03-10 17:43:32, MOVE, v:1, k:sandbox@user_001, mode:PICK
2026-03-10 17:43:34, EXEC, v:1, k:sandbox@user_001, mode:LOCK, rate:0
2026-03-10 17:43:34, EXEC, v:1, k:sandbox@user_001, mode:LOCK, rate:0
2026-03-10 17:43:54, EXEC, v:1, k:sandbox@user_001, mode:FULL, rate:0
2026-03-10 17:44:32, EXEC, v:1, k:sandbox@user_001, mode:FULL, rate:0, size:8
2026-03-10 17:45:37, EXEC, v:1, k:sandbox@user_001, mode:FULL, rate:0
2026-03-10 17:45:45, EXEC, v:1, k:sandbox@user_001, mode:FULL, rate:0
2026-03-10 17:52:56, EXEC, v:1, k:sandbox@user_001, mode:FREE, size:8
2026-03-10 17:56:12, EXEC, v:1, k:sandbox@user_001, mode:FULL, rate:0, size:7
2026-03-10 17:57:11, EXEC, v:1, k:sandbox@user_001, mode:FULL, rate:0, size:7
2026-03-10 17:57:37, EXEC, v:1, k:sandbox@user_001, mode:FULL, rate:0, size:7
2026-03-10 17:58:26, EXEC, v:1, k:sandbox@user_001, mode:FULL, rate:100, size:8
2026-03-10 18:00:36, MOVE, v:1, k:sandbox@user_001, mode:BACK
2026-03-10 18:05:02, MOVE, v:1, k:fup@pr_bingo, mode:DOWN
2026-03-10 18:05:04, MOVE, v:1, k:fup@pr_bingo, mode:PICK
2026-03-10 18:05:08, EXEC, v:1, k:fup@pr_bingo, mode:LOCK, rate:0, size:5
2026-03-10 18:05:09, EXEC, v:1, k:fup@pr_bingo, mode:LOCK, rate:0
2026-03-10 18:05:15, MOVE, v:1, k:fup@pr_bingo, mode:BACK
2026-03-10 18:07:13, MOVE, v:1, k:fup@tres, mode:DOWN
2026-03-10 18:07:14, MOVE, v:1, k:fup@tres, mode:PICK
2026-03-10 18:07:16, EXEC, v:1, k:fup@tres, mode:FULL, rate:0, size:5
2026-03-10 18:11:45, EXEC, v:1, k:fup@tres, mode:FULL, rate:100, size:7
2026-03-10 18:13:03, MOVE, v:1, k:fup@tres, mode:BACK
2026-03-10 18:13:10, MOVE, v:1, k:fup@resto, mode:DOWN
2026-03-10 18:13:11, MOVE, v:1, k:fup@resto, mode:PICK
2026-03-10 18:13:13, EXEC, v:1, k:fup@resto, mode:FULL, rate:0, size:5
2026-03-10 18:17:44, MOVE, v:1, k:fup@resto, mode:BACK
2026-03-10 18:18:06, MOVE, v:1, k:fup@resto, mode:PICK
2026-03-10 18:18:07, EXEC, v:1, k:fup@resto, mode:FULL, rate:0
2026-03-10 18:18:23, EXEC, v:1, k:fup@resto, mode:FULL, rate:0
2026-03-10 18:20:46, EXEC, v:1, k:fup@resto, mode:FULL, rate:0
2026-03-10 18:21:10, EXEC, v:1, k:fup@resto, mode:FULL, rate:0
2026-03-10 18:21:26, EXEC, v:1, k:fup@resto, mode:FULL, rate:0
2026-03-10 18:21:36, EXEC, v:1, k:fup@resto, mode:FULL, rate:0
2026-03-10 18:21:47, EXEC, v:1, k:fup@resto, mode:FULL, rate:0
2026-03-10 18:21:58, EXEC, v:1, k:fup@resto, mode:FULL, rate:0
2026-03-10 18:22:14, EXEC, v:1, k:fup@resto, mode:FULL, rate:0
2026-03-10 18:22:33, EXEC, v:1, k:fup@resto, mode:FULL, rate:0
2026-03-10 18:22:55, EXEC, v:1, k:fup@resto, mode:FULL, rate:0
2026-03-10 18:25:34, MOVE, v:1, k:fup@resto, mode:BACK
