2026-05-05 17:14:45, MOVE, v:1, k:fup@xuxa, mode:PICK
2026-05-05 17:14:47, EXEC, v:1, k:fup@xuxa, mode:FULL, rate:0
2026-05-05 17:14:47, MOVE, v:1, k:fup@xuxa, mode:EDIT
2026-05-05 17:19:41, MOVE, v:1, k:fup@xuxa, mode:EDIT
2026-05-05 17:20:43, EXEC, v:1, k:fup@xuxa, mode:FULL, rate:0, size:21
2026-05-05 17:21:56, EXEC, v:1, k:fup@xuxa, mode:FULL, rate:100, size:22
2026-05-05 17:24:05, MOVE, v:1, k:fup@xuxa, mode:BACK
2026-05-05 17:24:23, SELF, v:1, k:fup@xuxa, self:1, rate:100, study:30, friend:hanna, concept:1
2026-05-05 17:24:30, MOVE, v:1, k:fup@inverte, mode:DOWN
2026-05-05 17:24:32, MOVE, v:1, k:fup@inverte, mode:PICK
2026-05-05 17:24:33, EXEC, v:1, k:fup@inverte, mode:FULL, rate:0, size:5
2026-05-05 17:21:52, MOVE, v:1, k:fup@xuxa, mode:EDIT
2026-05-05 17:21:56, MOVE, v:1, k:fup@xuxa, mode:EDIT
2026-05-05 17:24:30, MOVE, v:1, k:fup@inverte, mode:EDIT
2026-05-05 17:24:30, MOVE, v:1, k:fup@inverte, mode:EDIT
2026-05-05 17:24:30, MOVE, v:1, k:fup@inverte, mode:EDIT
2026-05-05 17:24:33, MOVE, v:1, k:fup@inverte, mode:EDIT
2026-05-05 17:29:38, MOVE, v:1, k:fup@inverte, mode:EDIT
2026-05-05 17:34:11, MOVE, v:1, k:fup@inverte, mode:EDIT
2026-05-05 17:36:11, EXEC, v:1, k:fup@inverte, mode:FULL, rate:0, size:18
2026-05-05 17:36:13, EXEC, v:1, k:fup@inverte, mode:FULL, rate:0
2026-05-05 17:36:05, MOVE, v:1, k:fup@inverte, mode:EDIT
2026-05-05 17:36:12, MOVE, v:1, k:fup@inverte, mode:EDIT
2026-05-05 17:42:03, EXEC, v:1, k:fup@inverte, mode:FULL, rate:0, size:18
2026-05-05 17:42:16, EXEC, v:1, k:fup@inverte, mode:FULL, rate:0, size:18
2026-05-05 17:46:38, MOVE, v:1, k:fup@inverte, mode:PICK
2026-05-05 17:46:39, EXEC, v:1, k:fup@inverte, mode:FULL, size:18, fail:COMP
2026-05-05 17:46:40, EXEC, v:1, k:fup@inverte, mode:FULL, fail:COMP
2026-05-05 17:46:43, EXEC, v:1, k:fup@inverte, mode:FULL, fail:COMP
2026-05-05 17:48:11, EXEC, v:1, k:fup@inverte, mode:FULL, size:18, fail:COMP
2026-05-05 17:48:24, EXEC, v:1, k:fup@inverte, mode:FULL, rate:0, size:18
2026-05-05 17:48:35, EXEC, v:1, k:fup@inverte, mode:FULL, size:18, fail:COMP
2026-05-05 17:51:15, MOVE, v:1, k:fup@inverte, mode:EDIT
2026-05-05 17:48:24, MOVE, v:1, k:fup@inverte, mode:EDIT
2026-05-05 17:52:02, EXEC, v:1, k:fup@inverte, mode:FULL, size:26, fail:COMP
2026-05-05 17:56:36, MOVE, v:1, k:fup@inverte, mode:EDIT
2026-05-05 17:56:42, EXEC, v:1, k:fup@inverte, mode:FULL, rate:100, size:26
2026-05-05 18:00:03, MOVE, v:1, k:fup@inverte, mode:BACK
2026-05-05 18:00:14, SELF, v:1, k:fup@inverte, self:1, rate:100, study:20, concept:1
2026-05-05 17:56:41, MOVE, v:1, k:fup@inverte, mode:EDIT
2026-05-05 17:56:42, MOVE, v:1, k:fup@inverte, mode:EDIT
2026-05-05 18:02:07, MOVE, v:1, k:fup@substring, mode:DOWN
2026-05-05 18:02:09, MOVE, v:1, k:fup@substring, mode:PICK
2026-05-05 18:02:30, EXEC, v:1, k:fup@substring, mode:FULL, rate:0, size:5
2026-05-05 18:05:11, MOVE, v:1, k:fup@substring, mode:BACK
2026-05-05 18:05:26, MOVE, v:1, k:fup@loop_i, mode:DOWN
2026-05-05 18:05:28, MOVE, v:1, k:fup@loop_i, mode:PICK
2026-05-05 18:05:35, EXEC, v:1, k:fup@loop_i, mode:FULL, rate:0, size:5
2026-05-05 18:02:07, MOVE, v:1, k:fup@substring, mode:EDIT
2026-05-05 18:02:07, MOVE, v:1, k:fup@substring, mode:EDIT
2026-05-05 18:02:07, MOVE, v:1, k:fup@substring, mode:EDIT
2026-05-05 18:02:30, MOVE, v:1, k:fup@substring, mode:EDIT
2026-05-05 18:05:26, MOVE, v:1, k:fup@loop_i, mode:EDIT
2026-05-05 18:05:26, MOVE, v:1, k:fup@loop_i, mode:EDIT
2026-05-05 18:05:26, MOVE, v:1, k:fup@loop_i, mode:EDIT
2026-05-05 18:05:35, MOVE, v:1, k:fup@loop_i, mode:EDIT
2026-05-05 18:21:35, MOVE, v:1, k:fup@loop_i, mode:EDIT
2026-05-05 18:22:44, EXEC, v:1, k:fup@loop_i, mode:FULL, rate:100, size:9
2026-05-05 18:23:07, EXEC, v:1, k:fup@loop_i, mode:FULL, rate:0, size:9
2026-05-05 18:23:23, EXEC, v:1, k:fup@loop_i, mode:FULL, rate:0, size:9
2026-05-05 18:23:34, EXEC, v:1, k:fup@loop_i, mode:FULL, rate:100, size:9
2026-05-05 18:23:39, MOVE, v:1, k:fup@loop_i, mode:BACK
2026-05-05 18:23:51, SELF, v:1, k:fup@loop_i, self:1, rate:100, study:20, friend:hanna, concept:1
2026-05-05 18:24:03, MOVE, v:1, k:fup@loop_ii, mode:DOWN
2026-05-05 18:24:04, MOVE, v:1, k:fup@loop_ii, mode:PICK
2026-05-05 18:24:06, EXEC, v:1, k:fup@loop_ii, mode:FULL, rate:0, size:5
2026-05-05 18:24:57, MOVE, v:1, k:fup@loop_ii, mode:BACK
2026-05-05 18:25:03, MOVE, v:1, k:fup@loop_ii, mode:PICK
2026-05-05 18:25:05, EXEC, v:1, k:fup@loop_ii, mode:FULL, rate:0
2026-05-05 18:23:32, MOVE, v:1, k:fup@loop_i, mode:EDIT
2026-05-05 18:23:34, MOVE, v:1, k:fup@loop_i, mode:EDIT
2026-05-05 18:24:03, MOVE, v:1, k:fup@loop_ii, mode:EDIT
2026-05-05 18:24:03, MOVE, v:1, k:fup@loop_ii, mode:EDIT
2026-05-05 18:26:34, MOVE, v:1, k:fup@loop_ii, mode:EDIT
2026-05-05 18:25:04, MOVE, v:1, k:fup@loop_ii, mode:EDIT
2026-05-05 18:27:13, EXEC, v:1, k:fup@loop_ii, mode:FULL, rate:0, size:9
2026-05-05 18:28:58, EXEC, v:1, k:fup@loop_ii, mode:FULL, rate:100, size:11
2026-05-05 18:29:52, MOVE, v:1, k:fup@loop_ii, mode:BACK
2026-05-05 18:28:51, MOVE, v:1, k:fup@loop_ii, mode:EDIT
2026-05-05 18:28:58, MOVE, v:1, k:fup@loop_ii, mode:EDIT
