2026-04-08 12:47:16, MOVE, v:1, k:fup@mumia, mode:PICK
2026-04-08 12:47:27, EXEC, v:1, k:fup@mumia, mode:FULL, rate:100
2026-04-08 12:48:25, MOVE, v:1, k:fup@mumia, mode:BACK
2026-04-08 12:48:30, MOVE, v:1, k:fup@meio, mode:PICK
2026-04-08 12:48:32, EXEC, v:1, k:fup@meio, mode:FULL, rate:100
2026-04-08 12:48:34, MOVE, v:1, k:fup@meio, mode:BACK
2026-04-08 12:48:37, MOVE, v:1, k:fup@jokenpo, mode:PICK
2026-04-08 12:48:38, EXEC, v:1, k:fup@jokenpo, mode:FULL, rate:37
2026-04-08 12:47:27, MOVE, v:1, k:fup@mumia, mode:EDIT
2026-04-08 12:48:32, MOVE, v:1, k:fup@meio, mode:EDIT
2026-04-08 12:48:38, MOVE, v:1, k:fup@jokenpo, mode:EDIT
2026-04-08 12:54:36, EXEC, v:1, k:fup@jokenpo, mode:FULL, rate:100, size:18
2026-04-08 12:54:49, MOVE, v:1, k:fup@jokenpo, mode:BACK
2026-04-08 12:55:19, SELF, v:1, k:fup@jokenpo, self:1, rate:100, study:35
2026-04-08 12:55:31, MOVE, v:1, k:fup@final, mode:DOWN
2026-04-08 12:55:39, MOVE, v:1, k:fup@final, mode:PICK
2026-04-08 12:55:40, EXEC, v:1, k:fup@final, mode:FULL, rate:0, size:5
2026-04-08 12:54:35, MOVE, v:1, k:fup@jokenpo, mode:EDIT
2026-04-08 12:54:36, MOVE, v:1, k:fup@jokenpo, mode:EDIT
2026-04-08 12:55:31, MOVE, v:1, k:fup@final, mode:EDIT
2026-04-08 12:55:31, MOVE, v:1, k:fup@final, mode:EDIT
2026-04-08 12:55:40, MOVE, v:1, k:fup@final, mode:EDIT
2026-04-08 13:01:38, MOVE, v:1, k:fup@final, mode:EDIT
2026-04-08 13:05:27, EXEC, v:1, k:fup@final, mode:FULL, size:15, fail:COMP
2026-04-08 13:06:51, MOVE, v:1, k:fup@final, mode:EDIT
2026-04-08 13:06:56, EXEC, v:1, k:fup@final, mode:FULL, rate:40, size:15
2026-04-08 13:07:12, EXEC, v:1, k:fup@final, mode:FULL, rate:60, size:15
2026-04-08 13:07:22, EXEC, v:1, k:fup@final, mode:FULL, rate:60, size:15
2026-04-08 13:08:36, EXEC, v:1, k:fup@final, mode:FULL, size:15, fail:COMP
2026-04-08 13:09:41, EXEC, v:1, k:fup@final, mode:FULL, rate:60, size:15
2026-04-08 13:11:38, EXEC, v:1, k:fup@final, mode:FULL, rate:60, size:15
2026-04-08 13:11:38, MOVE, v:1, k:fup@final, mode:EDIT
2026-04-08 13:11:37, MOVE, v:1, k:fup@final, mode:EDIT
2026-04-08 13:14:01, EXEC, v:1, k:fup@final, mode:FULL, size:15, fail:COMP
2026-04-08 13:16:16, EXEC, v:1, k:fup@final, mode:FULL, rate:80, size:15
2026-04-08 13:16:48, MOVE, v:1, k:fup@final, mode:EDIT
2026-04-08 13:16:16, MOVE, v:1, k:fup@final, mode:EDIT
2026-04-08 13:16:56, EXEC, v:1, k:fup@final, mode:FULL, size:15, fail:COMP
2026-04-08 13:17:23, EXEC, v:1, k:fup@final, mode:FULL, rate:60, size:15
2026-04-08 13:20:47, EXEC, v:1, k:fup@final, mode:FULL, rate:80, size:15
2026-04-08 13:21:51, MOVE, v:1, k:fup@final, mode:EDIT
2026-04-08 13:20:47, MOVE, v:1, k:fup@final, mode:EDIT
2026-04-08 13:25:31, EXEC, v:1, k:fup@final, mode:FULL, rate:80, size:15
2026-04-08 13:25:29, MOVE, v:1, k:fup@final, mode:EDIT
2026-04-08 13:25:31, MOVE, v:1, k:fup@final, mode:EDIT
2026-04-08 13:31:50, MOVE, v:1, k:fup@final, mode:EDIT
2026-04-08 13:35:41, EXEC, v:1, k:fup@final, mode:FULL, size:18, fail:COMP
2026-04-08 13:36:47, EXEC, v:1, k:fup@final, mode:FULL, rate:100, size:19
2026-04-08 13:36:45, MOVE, v:1, k:fup@final, mode:EDIT
2026-04-08 13:36:47, MOVE, v:1, k:fup@final, mode:EDIT
2026-04-08 13:36:55, MOVE, v:1, k:fup@final, mode:BACK
2026-04-08 13:37:14, SELF, v:1, k:fup@final, self:1, rate:100, study:35, concept:1
