2026-05-10 01:47:23, MOVE, v:1, k:fup@loop_i, mode:PICK
2026-05-10 01:47:32, EXEC, v:1, k:fup@loop_i, mode:FULL, rate:100
2026-05-10 01:47:32, EXEC, v:1, k:fup@loop_i, mode:FULL, rate:100
2026-05-10 01:47:33, MOVE, v:1, k:fup@loop_i, mode:BACK
2026-05-10 01:47:38, MOVE, v:1, k:fup@loop_ii, mode:PICK
2026-05-10 01:47:39, EXEC, v:1, k:fup@loop_ii, mode:FULL, rate:100
2026-05-10 01:47:40, MOVE, v:1, k:fup@loop_ii, mode:BACK
2026-05-10 01:47:43, MOVE, v:1, k:fup@loop_iii, mode:DOWN
2026-05-10 01:47:44, MOVE, v:1, k:fup@loop_iii, mode:PICK
2026-05-10 01:47:45, EXEC, v:1, k:fup@loop_iii, mode:FULL, rate:0, size:5
2026-05-10 01:51:03, EXEC, v:1, k:fup@loop_iii, mode:FULL, rate:0, size:14
2026-05-10 01:51:33, EXEC, v:1, k:fup@loop_iii, mode:FULL, rate:0, size:14
2026-05-10 01:47:32, MOVE, v:1, k:fup@loop_i, mode:EDIT
2026-05-10 01:47:39, MOVE, v:1, k:fup@loop_ii, mode:EDIT
2026-05-10 01:47:43, MOVE, v:1, k:fup@loop_iii, mode:EDIT
2026-05-10 01:47:43, MOVE, v:1, k:fup@loop_iii, mode:EDIT
2026-05-10 01:51:31, MOVE, v:1, k:fup@loop_iii, mode:EDIT
2026-05-10 01:51:33, MOVE, v:1, k:fup@loop_iii, mode:EDIT
2026-05-10 01:53:51, EXEC, v:1, k:fup@loop_iii, mode:FULL, rate:0, size:18
2026-05-10 01:54:17, EXEC, v:1, k:fup@loop_iii, mode:FULL, rate:0, size:18
2026-05-10 01:54:28, EXEC, v:1, k:fup@loop_iii, mode:FULL, rate:100, size:18
2026-05-10 01:54:30, MOVE, v:1, k:fup@loop_iii, mode:BACK
2026-05-10 01:54:47, SELF, v:1, k:fup@loop_iii, self:1, rate:100, study:20, concept:1
2026-05-10 01:55:27, MOVE, v:1, k:fup@loop_iv, mode:DOWN
2026-05-10 01:55:29, MOVE, v:1, k:fup@loop_iv, mode:PICK
2026-05-10 01:55:30, EXEC, v:1, k:fup@loop_iv, mode:FULL, rate:0, size:5
2026-05-10 01:54:27, MOVE, v:1, k:fup@loop_iii, mode:EDIT
2026-05-10 01:54:27, MOVE, v:1, k:fup@loop_iii, mode:EDIT
2026-05-10 01:55:27, MOVE, v:1, k:fup@loop_iv, mode:EDIT
2026-05-10 01:55:27, MOVE, v:1, k:fup@loop_iv, mode:EDIT
2026-05-10 01:55:30, MOVE, v:1, k:fup@loop_iv, mode:EDIT
2026-05-10 01:57:06, MOVE, v:1, k:fup@loop_iv, mode:EDIT
2026-05-10 01:59:39, EXEC, v:1, k:fup@loop_iv, mode:FULL, rate:100, size:20
2026-05-10 01:59:54, MOVE, v:1, k:fup@loop_iv, mode:BACK
2026-05-10 02:00:56, SELF, v:1, k:fup@loop_iv, self:1, rate:100, study:20, concept:1
2026-05-10 02:01:04, MOVE, v:1, k:fup@loop_v, mode:DOWN
2026-05-10 02:01:07, MOVE, v:1, k:fup@loop_v, mode:PICK
2026-05-10 02:01:08, EXEC, v:1, k:fup@loop_v, mode:FULL, rate:0, size:5
2026-05-10 01:59:34, MOVE, v:1, k:fup@loop_iv, mode:EDIT
2026-05-10 01:59:39, MOVE, v:1, k:fup@loop_iv, mode:EDIT
2026-05-10 02:01:04, MOVE, v:1, k:fup@loop_v, mode:EDIT
2026-05-10 02:01:04, MOVE, v:1, k:fup@loop_v, mode:EDIT
2026-05-10 02:02:09, MOVE, v:1, k:fup@loop_v, mode:EDIT
2026-05-10 02:01:08, MOVE, v:1, k:fup@loop_v, mode:EDIT
2026-05-10 02:04:56, MOVE, v:1, k:fup@loop_v, mode:EDIT
2026-05-10 02:04:57, MOVE, v:1, k:fup@loop_v, mode:EDIT
