2026-04-27 16:04:47, MOVE, v:1, k:fup@pr_jokenpo, mode:DOWN
2026-04-27 16:04:49, MOVE, v:1, k:fup@pr_jokenpo, mode:PICK
2026-04-27 16:04:58, EXEC, v:1, k:fup@pr_jokenpo, mode:LOCK, rate:0, size:5
2026-04-27 16:04:59, EXEC, v:1, k:fup@pr_jokenpo, mode:LOCK, rate:0
2026-04-27 16:04:47, MOVE, v:1, k:fup@pr_jokenpo, mode:EDIT
2026-04-27 16:08:58, MOVE, v:1, k:fup@pr_jokenpo, mode:EDIT
2026-04-27 16:08:41, MOVE, v:1, k:fup@pr_jokenpo, mode:EDIT
2026-04-27 16:11:09, MOVE, v:1, k:fup@pr_jokenpo, mode:PICK
2026-04-27 16:12:35, MOVE, v:1, k:fup@pr_jokenpo, mode:PICK
2026-04-27 16:14:01, MOVE, v:1, k:fup@pr_chute_a, mode:DOWN
2026-04-27 16:14:02, MOVE, v:1, k:fup@pr_chute_a, mode:PICK
2026-04-27 16:14:05, EXEC, v:1, k:fup@pr_chute_a, mode:LOCK, rate:0, size:5
2026-04-27 16:15:08, MOVE, v:1, k:fup@pr_chute_a, mode:BACK
2026-04-27 16:15:50, MOVE, v:1, k:fup@pr_jokenpo, mode:PICK
2026-04-27 16:15:54, MOVE, v:1, k:fup@pr_jokenpo, mode:EDIT
2026-04-27 16:14:01, MOVE, v:1, k:fup@pr_chute_a, mode:EDIT
2026-04-27 16:16:34, MOVE, v:1, k:fup@pr_chute_a, mode:EDIT
2026-04-27 16:14:05, MOVE, v:1, k:fup@pr_chute_a, mode:EDIT
2026-04-27 16:18:15, MOVE, v:1, k:fup@pr_chute_a, mode:PICK
2026-04-27 16:18:17, EXEC, v:1, k:fup@pr_chute_a, mode:LOCK, rate:0
2026-04-27 16:14:01, MOVE, v:1, k:fup@pr_chute_a, mode:EDIT
2026-04-27 16:16:34, MOVE, v:1, k:fup@pr_chute_a, mode:EDIT
2026-04-27 16:18:17, MOVE, v:1, k:fup@pr_chute_a, mode:EDIT
2026-04-27 16:15:54, MOVE, v:1, k:fup@pr_jokenpo, mode:EDIT
2026-04-27 16:21:44, MOVE, v:1, k:fup@pr_chute_a, mode:EDIT
2026-04-27 16:22:34, MOVE, v:1, k:fup@pr_chute_a, mode:EDIT
2026-04-27 16:28:35, MOVE, v:1, k:fup@pr_chute_a, mode:PICK
2026-04-27 16:38:44, MOVE, v:1, k:fup@pr_chute_a, mode:PICK
2026-04-27 16:41:12, MOVE, v:1, k:fup@pr_chute_a, mode:PICK
2026-04-27 16:41:48, MOVE, v:1, k:fup@pr_jokenpo, mode:PICK
2026-04-27 16:42:18, MOVE, v:1, k:fup@pr_chute_b, mode:DOWN
2026-04-27 16:42:19, MOVE, v:1, k:fup@pr_chute_b, mode:PICK
2026-04-27 16:42:21, EXEC, v:1, k:fup@pr_chute_b, mode:LOCK, rate:0, size:5
2026-04-27 16:42:38, EXEC, v:1, k:fup@pr_chute_b, mode:LOCK, rate:0
2026-04-27 16:42:43, EXEC, v:1, k:fup@pr_chute_b, mode:LOCK, rate:0
2026-04-27 16:44:03, MOVE, v:1, k:fup@pr_chute_b, mode:BACK
2026-04-27 16:44:23, MOVE, v:1, k:fup@semana, mode:PICK
2026-04-27 16:44:25, EXEC, v:1, k:fup@semana, mode:FULL, rate:80
2026-04-27 16:44:39, EXEC, v:1, k:fup@semana, mode:FULL, rate:80
2026-04-27 16:42:18, MOVE, v:1, k:fup@pr_chute_b, mode:EDIT
2026-04-27 16:42:42, MOVE, v:1, k:fup@pr_chute_b, mode:EDIT
2026-04-27 16:42:36, MOVE, v:1, k:fup@pr_chute_b, mode:EDIT
2026-04-27 16:44:38, MOVE, v:1, k:fup@semana, mode:EDIT
2026-04-27 16:49:04, EXEC, v:1, k:fup@semana, mode:FULL, rate:85, size:21
2026-04-27 16:50:36, EXEC, v:1, k:fup@semana, mode:FULL, rate:95, size:21
2026-04-27 16:50:48, EXEC, v:1, k:fup@semana, mode:FULL, rate:100, size:21
2026-04-27 16:50:57, MOVE, v:1, k:fup@semana, mode:BACK
2026-04-27 16:51:16, SELF, v:1, k:fup@semana, self:1, rate:100, study:25, concept:1
2026-04-27 16:50:42, MOVE, v:1, k:fup@semana, mode:EDIT
2026-04-27 16:50:48, MOVE, v:1, k:fup@semana, mode:EDIT
2026-04-27 16:55:26, MOVE, v:1, k:fup@vet_i, mode:PICK
2026-04-27 16:55:29, EXEC, v:1, k:fup@vet_i, mode:FULL, rate:0
2026-04-27 16:55:29, MOVE, v:1, k:fup@vet_i, mode:EDIT
2026-04-27 17:24:03, MOVE, v:1, k:fup@vet_i, mode:BACK
2026-04-27 17:55:12, MOVE, v:1, k:sandbox@user_001, mode:PICK
2026-04-27 17:55:14, EXEC, v:1, k:sandbox@user_001, mode:LOCK, rate:0, size:5
2026-04-27 17:55:09, MOVE, v:1, k:sandbox@user_001, mode:EDIT
2026-04-27 17:55:14, MOVE, v:1, k:sandbox@user_001, mode:EDIT
2026-04-27 18:00:01, MOVE, v:1, k:sandbox@user_001, mode:EDIT
2026-04-27 18:03:18, EXEC, v:1, k:sandbox@user_001, mode:FULL, size:21, fail:COMP
2026-04-27 18:03:50, MOVE, v:1, k:sandbox@user_001, mode:BACK
2026-04-27 18:04:11, MOVE, v:1, k:sandbox@user_001, mode:PICK
2026-04-27 18:04:12, EXEC, v:1, k:sandbox@user_001, mode:FULL, fail:COMP
2026-04-27 18:04:36, EXEC, v:1, k:sandbox@user_001, mode:FULL, size:21, fail:COMP
2026-04-27 18:09:00, MOVE, v:1, k:sandbox@user_001, mode:EDIT
2026-04-27 18:14:01, MOVE, v:1, k:sandbox@user_001, mode:EDIT
2026-04-27 18:19:00, MOVE, v:1, k:sandbox@user_001, mode:EDIT
2026-04-27 18:21:31, EXEC, v:1, k:sandbox@user_001, mode:FULL, size:69, fail:COMP
2026-04-27 18:21:42, EXEC, v:1, k:sandbox@user_001, mode:FREE
2026-04-27 18:22:53, EXEC, v:1, k:sandbox@user_001, mode:FULL, size:70, fail:COMP
2026-04-27 18:22:55, EXEC, v:1, k:sandbox@user_001, mode:FREE
2026-04-27 18:24:06, EXEC, v:1, k:sandbox@user_001, mode:FULL, fail:COMP
2026-04-27 18:22:47, MOVE, v:1, k:sandbox@user_001, mode:EDIT
2026-04-27 18:24:07, EXEC, v:1, k:sandbox@user_001, mode:FULL, fail:COMP
2026-04-27 18:24:08, EXEC, v:1, k:sandbox@user_001, mode:FULL, fail:COMP
2026-04-27 18:24:08, EXEC, v:1, k:sandbox@user_001, mode:FREE
2026-04-27 18:24:56, EXEC, v:1, k:sandbox@user_001, mode:FULL, size:72, fail:COMP
2026-04-27 18:24:57, EXEC, v:1, k:sandbox@user_001, mode:FULL, fail:COMP
2026-04-27 18:25:33, MOVE, v:1, k:sandbox@user_001, mode:EDIT
