2026-03-24 02:13:29, MOVE, v:1, k:fup@positivo, mode:PICK
2026-03-24 02:13:32, EXEC, v:1, k:fup@positivo, mode:FULL, rate:0
2026-03-24 02:19:35, EXEC, v:1, k:fup@positivo, mode:FULL, size:12, fail:COMP
2026-03-24 02:19:48, EXEC, v:1, k:fup@positivo, mode:FULL, fail:COMP
2026-03-24 02:20:04, EXEC, v:1, k:fup@positivo, mode:FULL, rate:100, size:12
2026-03-24 02:20:14, EXEC, v:1, k:fup@positivo, mode:FULL, rate:100
2026-03-24 02:24:04, MOVE, v:1, k:fup@positivo, mode:BACK
2026-03-24 02:24:22, SELF, v:1, k:fup@positivo, self:1, rate:100, study:15
2026-03-24 02:24:58, MOVE, v:1, k:fup@multiplo, mode:DOWN
2026-03-24 02:24:59, MOVE, v:1, k:fup@multiplo, mode:PICK
2026-03-24 02:25:01, EXEC, v:1, k:fup@multiplo, mode:FULL, rate:0, size:5
2026-03-24 02:37:50, EXEC, v:1, k:fup@multiplo, mode:FULL, size:11, fail:COMP
2026-03-24 02:38:15, EXEC, v:1, k:fup@multiplo, mode:FULL, size:11, fail:COMP
2026-03-24 02:38:24, EXEC, v:1, k:fup@multiplo, mode:FULL, size:11, fail:COMP
2026-03-24 02:38:47, EXEC, v:1, k:fup@multiplo, mode:FULL, rate:0, size:11
2026-03-24 02:39:23, EXEC, v:1, k:fup@multiplo, mode:FULL, rate:42, size:11
2026-03-24 02:39:33, EXEC, v:1, k:fup@multiplo, mode:FULL, rate:100, size:11
2026-03-24 02:39:50, MOVE, v:1, k:fup@multiplo, mode:BACK
2026-03-24 02:40:16, SELF, v:1, k:fup@multiplo, self:1, rate:100, study:20, concept:1
2026-03-24 02:42:03, MOVE, v:1, k:fup@calc, mode:DOWN
2026-03-24 02:42:05, MOVE, v:1, k:fup@calc, mode:PICK
2026-03-24 02:42:07, EXEC, v:1, k:fup@calc, mode:FULL, rate:0, size:5
2026-03-24 02:51:51, EXEC, v:1, k:fup@calc, mode:FULL, rate:0, size:8
2026-03-24 02:52:22, EXEC, v:1, k:fup@calc, mode:FULL, size:8, fail:COMP
2026-03-24 02:52:53, EXEC, v:1, k:fup@calc, mode:FULL, rate:0, size:8
2026-03-24 02:53:30, EXEC, v:1, k:fup@calc, mode:FULL, rate:0, size:8
2026-03-24 02:56:59, EXEC, v:1, k:fup@calc, mode:FULL, size:8, fail:COMP
2026-03-24 02:58:32, EXEC, v:1, k:fup@calc, mode:FULL, rate:0, size:10
2026-03-24 03:06:32, EXEC, v:1, k:fup@calc, mode:FULL, rate:33, size:10
2026-03-24 03:09:00, EXEC, v:1, k:fup@calc, mode:FULL, size:10, fail:COMP
2026-03-24 03:11:41, EXEC, v:1, k:fup@calc, mode:FULL, rate:0, size:12
2026-03-24 03:13:04, EXEC, v:1, k:fup@calc, mode:FULL, size:14, fail:COMP
2026-03-24 03:13:29, EXEC, v:1, k:fup@calc, mode:FULL, size:15, fail:COMP
2026-03-24 03:13:56, EXEC, v:1, k:fup@calc, mode:FULL, size:14, fail:COMP
2026-03-24 03:14:20, EXEC, v:1, k:fup@calc, mode:FULL, rate:0, size:14
2026-03-24 03:16:31, EXEC, v:1, k:fup@calc, mode:FULL, size:14, fail:COMP
2026-03-24 03:16:39, EXEC, v:1, k:fup@calc, mode:FULL, rate:0, size:14
2026-03-24 03:20:46, EXEC, v:1, k:fup@calc, mode:FULL, size:18, fail:COMP
2026-03-24 03:22:41, EXEC, v:1, k:fup@calc, mode:FULL, rate:100, size:19
2026-03-24 03:22:48, MOVE, v:1, k:fup@calc, mode:BACK
2026-03-24 03:23:11, SELF, v:1, k:fup@calc, self:1, rate:100, study:40, concept:1, code:1
2026-03-24 03:23:29, SELF, v:1, k:fup@calc, self:1, rate:100, study:40, concept:1
