2026-03-23 16:44:11, MOVE, v:1, k:fup@abs, mode:DOWN
2026-03-23 16:44:12, MOVE, v:1, k:fup@abs, mode:PICK
2026-03-23 16:44:22, EXEC, v:1, k:fup@abs, mode:FULL, rate:0, size:5
2026-03-23 17:09:09, EXEC, v:1, k:fup@abs, mode:FULL, size:11, fail:COMP
2026-03-23 17:09:22, EXEC, v:1, k:fup@abs, mode:FULL, rate:0, size:11
2026-03-23 17:09:45, EXEC, v:1, k:fup@abs, mode:FULL, rate:100, size:11
2026-03-23 17:10:04, MOVE, v:1, k:fup@abs, mode:BACK
2026-03-23 17:10:30, SELF, v:1, k:fup@abs, self:1, rate:100, study:15, concept:1, problem:1
2026-03-23 17:10:47, MOVE, v:1, k:fup@max, mode:DOWN
2026-03-23 17:10:49, MOVE, v:1, k:fup@max, mode:PICK
2026-03-23 17:10:50, EXEC, v:1, k:fup@max, mode:FULL, rate:0, size:5
2026-03-23 17:35:11, EXEC, v:1, k:fup@max, mode:FULL, size:16, fail:COMP
2026-03-23 17:35:19, EXEC, v:1, k:fup@max, mode:FULL, size:16, fail:COMP
2026-03-23 17:37:32, EXEC, v:1, k:fup@max, mode:FULL, rate:100, size:15
2026-03-23 17:38:04, MOVE, v:1, k:fup@max, mode:BACK
2026-03-23 17:38:20, SELF, v:1, k:fup@max, self:1, rate:100, study:26, concept:1
2026-03-23 17:38:30, SELF, v:1, k:fup@abs, self:1, rate:100, study:15, concept:1
2026-03-23 17:38:43, MOVE, v:1, k:fup@ou, mode:DOWN
2026-03-23 17:38:44, MOVE, v:1, k:fup@ou, mode:PICK
2026-03-23 17:38:45, EXEC, v:1, k:fup@ou, mode:FULL, rate:0, size:5
2026-03-23 17:49:58, EXEC, v:1, k:fup@ou, mode:FULL, size:8, fail:COMP
2026-03-23 17:50:27, EXEC, v:1, k:fup@ou, mode:FULL, fail:COMP
2026-03-23 17:51:32, EXEC, v:1, k:fup@ou, mode:FULL, fail:COMP
2026-03-23 17:51:54, EXEC, v:1, k:fup@ou, mode:FULL, fail:COMP
2026-03-23 17:52:05, EXEC, v:1, k:fup@ou, mode:FULL, fail:COMP
2026-03-23 17:52:06, EXEC, v:1, k:fup@ou, mode:FULL, fail:COMP
2026-03-23 17:52:18, EXEC, v:1, k:fup@ou, mode:FULL, fail:COMP
2026-03-23 17:52:40, EXEC, v:1, k:fup@ou, mode:FULL, fail:COMP
2026-03-23 17:53:51, EXEC, v:1, k:fup@ou, mode:FULL, fail:COMP
2026-03-23 17:53:51, EXEC, v:1, k:fup@ou, mode:FULL, fail:COMP
2026-03-23 17:55:56, MOVE, v:1, k:fup@ou, mode:BACK
