2026-05-04 16:50:45, SELF, v:1, k:fup@game10, self:1, study:20, concept:1
2026-05-04 16:51:02, SELF, v:1, k:fup@drone, self:1, study:20, concept:1
2026-05-04 16:51:06, MOVE, v:1, k:fup@drone, mode:PICK
2026-05-04 16:51:08, EXEC, v:1, k:fup@drone, mode:FULL, rate:100
2026-05-04 16:51:09, MOVE, v:1, k:fup@drone, mode:BACK
2026-05-04 16:51:16, MOVE, v:1, k:fup@teleferico, mode:PICK
2026-05-04 16:51:18, EXEC, v:1, k:fup@teleferico, mode:FULL, rate:100
2026-05-04 16:51:18, EXEC, v:1, k:fup@teleferico, mode:FULL, rate:100
2026-05-04 16:51:19, MOVE, v:1, k:fup@teleferico, mode:BACK
2026-05-04 16:51:21, MOVE, v:1, k:fup@goiabas, mode:PICK
2026-05-04 16:51:22, EXEC, v:1, k:fup@goiabas, mode:FULL, rate:100
2026-05-04 16:51:23, MOVE, v:1, k:fup@goiabas, mode:BACK
2026-05-04 16:51:25, MOVE, v:1, k:fup@cobra, mode:PICK
2026-05-04 16:51:26, EXEC, v:1, k:fup@cobra, mode:FULL, rate:100
2026-05-04 16:51:27, MOVE, v:1, k:fup@cobra, mode:BACK
2026-05-04 16:51:29, MOVE, v:1, k:fup@game10, mode:PICK
2026-05-04 16:51:30, EXEC, v:1, k:fup@game10, mode:FULL, rate:100
2026-05-04 16:51:31, MOVE, v:1, k:fup@game10, mode:BACK
2026-05-04 16:51:38, MOVE, v:1, k:fup@bhaskara, mode:PICK
2026-05-04 16:51:40, EXEC, v:1, k:fup@bhaskara, mode:FULL, rate:100
2026-05-04 16:51:41, MOVE, v:1, k:fup@bhaskara, mode:BACK
2026-05-04 16:51:08, MOVE, v:1, k:fup@drone, mode:EDIT
2026-05-04 16:51:18, MOVE, v:1, k:fup@teleferico, mode:EDIT
2026-05-04 16:51:22, MOVE, v:1, k:fup@goiabas, mode:EDIT
2026-05-04 16:51:26, MOVE, v:1, k:fup@cobra, mode:EDIT
2026-05-04 16:51:30, MOVE, v:1, k:fup@game10, mode:EDIT
2026-05-04 16:51:40, MOVE, v:1, k:fup@bhaskara, mode:EDIT
2026-05-04 17:37:37, MOVE, v:1, k:fup@xuxa, mode:DOWN
2026-05-04 17:37:38, MOVE, v:1, k:fup@xuxa, mode:PICK
2026-05-04 17:37:45, EXEC, v:1, k:fup@xuxa, mode:FULL, rate:0, size:5
2026-05-04 17:37:37, MOVE, v:1, k:fup@xuxa, mode:EDIT
2026-05-04 17:37:37, MOVE, v:1, k:fup@xuxa, mode:EDIT
2026-05-04 17:37:45, MOVE, v:1, k:fup@xuxa, mode:EDIT
2026-05-04 17:42:19, MOVE, v:1, k:fup@xuxa, mode:EDIT
2026-05-04 17:47:28, MOVE, v:1, k:fup@xuxa, mode:EDIT
2026-05-04 17:49:45, EXEC, v:1, k:fup@xuxa, mode:FULL, rate:0, size:13
2026-05-04 17:50:25, EXEC, v:1, k:fup@xuxa, mode:FULL, rate:0, size:13
2026-05-04 17:50:24, MOVE, v:1, k:fup@xuxa, mode:EDIT
2026-05-04 17:50:25, MOVE, v:1, k:fup@xuxa, mode:EDIT
2026-05-04 17:53:24, EXEC, v:1, k:fup@xuxa, mode:FULL, size:13, fail:COMP
2026-05-04 17:54:25, EXEC, v:1, k:fup@xuxa, mode:FULL, rate:0, size:13
2026-05-04 17:56:12, MOVE, v:1, k:fup@xuxa, mode:PICK
2026-05-04 17:56:13, EXEC, v:1, k:fup@xuxa, mode:FULL, rate:0, size:13
2026-05-04 17:56:18, EXEC, v:1, k:fup@xuxa, mode:FULL, rate:0
2026-05-04 17:56:19, EXEC, v:1, k:fup@xuxa, mode:FREE
2026-05-04 18:01:05, EXEC, v:1, k:fup@xuxa, mode:FULL, rate:0
2026-05-04 18:01:05, MOVE, v:1, k:fup@xuxa, mode:EDIT
2026-05-04 18:01:19, EXEC, v:1, k:fup@xuxa, mode:FULL, rate:0
2026-05-04 18:02:03, EXEC, v:1, k:fup@xuxa, mode:FULL, rate:33, size:13
2026-05-04 18:03:12, EXEC, v:1, k:fup@xuxa, mode:FULL, rate:33, size:13
2026-05-04 18:03:12, MOVE, v:1, k:fup@xuxa, mode:EDIT
2026-05-04 18:03:11, MOVE, v:1, k:fup@xuxa, mode:EDIT
2026-05-04 18:09:43, EXEC, v:1, k:fup@xuxa, mode:FULL, rate:33
2026-05-04 18:10:49, EXEC, v:1, k:fup@xuxa, mode:FULL, rate:0, size:14
2026-05-04 18:10:49, MOVE, v:1, k:fup@xuxa, mode:EDIT
2026-05-04 18:11:09, MOVE, v:1, k:fup@xuxa, mode:EDIT
2026-05-04 18:11:34, EXEC, v:1, k:fup@xuxa, mode:FULL, rate:0, size:14
2026-05-04 18:11:58, EXEC, v:1, k:fup@xuxa, mode:FULL, rate:0, size:14
2026-05-04 18:12:07, EXEC, v:1, k:fup@xuxa, mode:FREE
2026-05-04 18:13:32, EXEC, v:1, k:fup@xuxa, mode:FREE, size:15
2026-05-04 18:13:40, EXEC, v:1, k:fup@xuxa, mode:FULL, size:15, fail:COMP
2026-05-04 18:14:00, EXEC, v:1, k:fup@xuxa, mode:FULL, rate:0, size:14
2026-05-04 18:14:00, MOVE, v:1, k:fup@xuxa, mode:EDIT
2026-05-04 18:14:00, MOVE, v:1, k:fup@xuxa, mode:EDIT
