2026-04-14 16:48:53, MOVE, v:1, k:fup@semana, mode:PICK
2026-04-14 16:51:23, MOVE, v:1, k:fup@semana, mode:PICK
2026-04-14 16:51:26, EXEC, v:1, k:fup@semana, mode:FULL, rate:0
2026-04-14 16:51:25, MOVE, v:1, k:fup@semana, mode:EDIT
2026-04-14 16:55:03, MOVE, v:1, k:fup@semana, mode:EDIT
2026-04-14 16:57:50, EXEC, v:1, k:fup@semana, mode:FULL, rate:60, size:11
2026-04-14 17:00:20, MOVE, v:1, k:fup@semana, mode:EDIT
2026-04-14 16:57:50, MOVE, v:1, k:fup@semana, mode:EDIT
2026-04-14 17:00:45, EXEC, v:1, k:fup@semana, mode:FULL, rate:60, size:11
2026-04-14 17:05:18, MOVE, v:1, k:fup@semana, mode:EDIT
2026-04-14 17:00:45, MOVE, v:1, k:fup@semana, mode:EDIT
2026-04-14 17:07:19, EXEC, v:1, k:fup@semana, mode:FULL, rate:25, size:11
2026-04-14 17:08:05, EXEC, v:1, k:fup@semana, mode:FULL, rate:55, size:11
2026-04-14 17:08:20, EXEC, v:1, k:fup@semana, mode:FULL, rate:55
2026-04-14 17:08:20, MOVE, v:1, k:fup@semana, mode:EDIT
2026-04-14 17:10:23, MOVE, v:1, k:fup@semana, mode:EDIT
2026-04-14 17:13:27, EXEC, v:1, k:fup@semana, mode:FULL, size:14, fail:COMP
2026-04-14 17:13:45, EXEC, v:1, k:fup@semana, mode:FULL, fail:COMP
2026-04-14 17:14:23, EXEC, v:1, k:fup@semana, mode:FULL, size:15, fail:COMP
2026-04-14 17:14:20, MOVE, v:1, k:fup@semana, mode:EDIT
2026-04-14 17:16:29, EXEC, v:1, k:fup@semana, mode:FULL, size:15, fail:COMP
2026-04-14 17:17:29, EXEC, v:1, k:fup@semana, mode:FULL, rate:30, size:16
2026-04-14 17:17:55, EXEC, v:1, k:fup@semana, mode:FULL, size:16, fail:COMP
2026-04-14 17:18:20, EXEC, v:1, k:fup@semana, mode:FULL, rate:30, size:16
2026-04-14 17:19:29, EXEC, v:1, k:fup@semana, mode:FULL, rate:10, size:17
2026-04-14 17:20:03, EXEC, v:1, k:fup@semana, mode:FULL, rate:35, size:17
2026-04-14 17:19:58, MOVE, v:1, k:fup@semana, mode:EDIT
2026-04-14 17:20:02, MOVE, v:1, k:fup@semana, mode:EDIT
2026-04-14 17:21:36, EXEC, v:1, k:fup@semana, mode:FULL, rate:35, size:17
2026-04-14 17:21:59, EXEC, v:1, k:fup@semana, mode:FULL, rate:15, size:17
2026-04-14 17:22:14, EXEC, v:1, k:fup@semana, mode:FULL, rate:35, size:17
2026-04-14 17:22:27, EXEC, v:1, k:fup@semana, mode:FULL, rate:35, size:17
2026-04-14 17:22:54, EXEC, v:1, k:fup@semana, mode:FULL, rate:35
2026-04-14 17:22:48, MOVE, v:1, k:fup@semana, mode:EDIT
2026-04-14 17:22:54, MOVE, v:1, k:fup@semana, mode:EDIT
2026-04-14 17:30:24, MOVE, v:1, k:fup@semana, mode:EDIT
2026-04-14 17:33:01, EXEC, v:1, k:fup@semana, mode:FULL, size:20, fail:COMP
2026-04-14 17:33:18, EXEC, v:1, k:fup@semana, mode:FULL, rate:80, size:21
2026-04-14 17:33:47, EXEC, v:1, k:fup@semana, mode:FULL, rate:80, size:21
2026-04-14 17:34:39, MOVE, v:1, k:fup@semana, mode:BACK
2026-04-14 17:33:46, MOVE, v:1, k:fup@semana, mode:EDIT
2026-04-14 17:33:47, MOVE, v:1, k:fup@semana, mode:EDIT
2026-04-14 17:37:47, MOVE, v:1, k:fup@vet_i, mode:DOWN
2026-04-14 17:37:50, MOVE, v:1, k:fup@vet_i, mode:PICK
2026-04-14 17:37:51, EXEC, v:1, k:fup@vet_i, mode:FULL, rate:0, size:5
2026-04-14 17:37:47, MOVE, v:1, k:fup@vet_i, mode:EDIT
2026-04-14 17:37:47, MOVE, v:1, k:fup@vet_i, mode:EDIT
2026-04-14 17:37:51, MOVE, v:1, k:fup@vet_i, mode:EDIT
2026-04-14 17:37:47, MOVE, v:1, k:fup@vet_i, mode:EDIT
2026-04-14 17:37:47, MOVE, v:1, k:fup@vet_i, mode:EDIT
2026-04-14 17:37:51, MOVE, v:1, k:fup@vet_i, mode:EDIT
