2026-06-03 16:01:29, MOVE, v:1, k:fup@krueguer, mode:PICK
2026-06-03 16:01:32, EXEC, v:1, k:fup@krueguer, mode:FULL, rate:0
2026-06-03 16:01:32, MOVE, v:1, k:fup@krueguer, mode:EDIT
2026-06-03 16:01:39, MOVE, v:1, k:fup@krueguer, mode:EDIT
2026-06-03 16:21:17, EXEC, v:1, k:fup@krueguer, mode:FULL, rate:100, size:33
2026-06-03 16:21:28, MOVE, v:1, k:fup@krueguer, mode:BACK
2026-06-03 16:21:43, MOVE, v:1, k:fup@antimateria, mode:DOWN
2026-06-03 16:21:45, MOVE, v:1, k:fup@antimateria, mode:PICK
2026-06-03 16:24:08, MOVE, v:1, k:fup@antimateria, mode:PICK
2026-06-03 16:24:09, EXEC, v:1, k:fup@antimateria, mode:FULL, rate:0, size:5
2026-06-03 16:24:09, MOVE, v:1, k:fup@antimateria, mode:EDIT
2026-06-03 16:24:21, MOVE, v:1, k:fup@antimateria, mode:EDIT
2026-06-03 16:39:08, EXEC, v:1, k:fup@antimateria, mode:FULL, rate:50, size:37
2026-06-03 16:39:15, MOVE, v:1, k:fup@antimateria, mode:BACK
2026-06-03 16:39:50, MOVE, v:1, k:fup@word, mode:DOWN
2026-06-03 16:39:50, MOVE, v:1, k:fup@word, mode:PICK
2026-06-03 16:39:52, EXEC, v:1, k:fup@word, mode:FULL, rate:0, size:5
2026-06-03 16:39:08, MOVE, v:1, k:fup@antimateria, mode:EDIT
2026-06-03 16:39:49, MOVE, v:1, k:fup@word, mode:EDIT
2026-06-03 16:39:50, MOVE, v:1, k:fup@word, mode:EDIT
2026-06-03 16:39:52, MOVE, v:1, k:fup@word, mode:EDIT
2026-06-03 16:40:02, MOVE, v:1, k:fup@word, mode:EDIT
2026-06-03 17:00:33, EXEC, v:1, k:fup@word, mode:FULL, rate:100, size:58
2026-06-03 17:00:34, MOVE, v:1, k:fup@word, mode:BACK
2026-06-03 17:00:33, MOVE, v:1, k:fup@word, mode:EDIT
2026-06-03 17:04:40, MOVE, v:1, k:fup@espacos, mode:DOWN
2026-06-03 17:04:40, MOVE, v:1, k:fup@espacos, mode:PICK
2026-06-03 17:05:07, MOVE, v:1, k:fup@espacos, mode:PICK
2026-06-03 17:05:08, EXEC, v:1, k:fup@espacos, mode:FULL, rate:0, size:5
2026-06-03 17:05:08, MOVE, v:1, k:fup@espacos, mode:EDIT
2026-06-03 17:05:16, MOVE, v:1, k:fup@espacos, mode:EDIT
2026-06-03 17:26:07, EXEC, v:1, k:fup@espacos, mode:FULL, rate:100, size:19
2026-06-03 17:26:08, MOVE, v:1, k:fup@espacos, mode:BACK
2026-06-03 17:26:16, MOVE, v:1, k:fup@datilografar, mode:DOWN
2026-06-03 17:26:16, MOVE, v:1, k:fup@datilografar, mode:PICK
2026-06-03 17:26:18, EXEC, v:1, k:fup@datilografar, mode:FULL, rate:0, size:5
2026-06-03 17:26:07, MOVE, v:1, k:fup@espacos, mode:EDIT
2026-06-03 17:26:16, MOVE, v:1, k:fup@datilografar, mode:EDIT
2026-06-03 17:26:16, MOVE, v:1, k:fup@datilografar, mode:EDIT
2026-06-03 17:26:17, MOVE, v:1, k:fup@datilografar, mode:EDIT
2026-06-03 17:26:50, MOVE, v:1, k:fup@datilografar, mode:EDIT
2026-06-03 17:54:01, EXEC, v:1, k:fup@datilografar, mode:FULL, rate:100, size:34
2026-06-03 17:54:14, MOVE, v:1, k:fup@datilografar, mode:BACK
2026-06-03 17:54:31, MOVE, v:1, k:fup@bubula, mode:DOWN
2026-06-03 17:54:31, MOVE, v:1, k:fup@bubula, mode:PICK
2026-06-03 17:54:32, EXEC, v:1, k:fup@bubula, mode:FULL, rate:0, size:5
2026-06-03 17:54:00, MOVE, v:1, k:fup@datilografar, mode:EDIT
2026-06-03 17:54:31, MOVE, v:1, k:fup@bubula, mode:EDIT
2026-06-03 17:54:31, MOVE, v:1, k:fup@bubula, mode:EDIT
2026-06-03 17:54:32, MOVE, v:1, k:fup@bubula, mode:EDIT
2026-06-03 17:55:17, EXEC, v:1, k:fup@bubula, mode:FULL, rate:100, size:58
2026-06-03 17:55:18, MOVE, v:1, k:fup@bubula, mode:BACK
2026-06-03 17:55:24, SELF, v:1, k:fup@espacos, self:1, rate:100
2026-06-03 17:55:26, MOVE, v:1, k:fup@datilografar, mode:PICK
2026-06-03 17:55:27, EXEC, v:1, k:fup@datilografar, mode:FULL, rate:100
2026-06-03 17:55:27, EXEC, v:1, k:fup@datilografar, mode:FULL, rate:100
2026-06-03 17:55:28, EXEC, v:1, k:fup@datilografar, mode:FULL, rate:100
2026-06-03 17:55:28, MOVE, v:1, k:fup@datilografar, mode:BACK
2026-06-03 17:55:32, SELF, v:1, k:fup@datilografar, self:1, rate:100
2026-06-03 17:55:37, SELF, v:1, k:fup@bubula, self:1, rate:100
2026-06-03 17:55:47, MOVE, v:1, k:fup@ascologia, mode:DOWN
2026-06-03 17:55:47, MOVE, v:1, k:fup@ascologia, mode:PICK
2026-06-03 17:55:52, EXEC, v:1, k:fup@ascologia, mode:FULL, rate:0, size:5
2026-06-03 17:56:24, EXEC, v:1, k:fup@ascologia, mode:FULL, rate:100, size:23
2026-06-03 17:56:25, MOVE, v:1, k:fup@ascologia, mode:BACK
2026-06-03 17:56:33, SELF, v:1, k:fup@ascologia, self:1, rate:100
2026-06-03 17:56:37, MOVE, v:1, k:fup@alcaparras, mode:DOWN
2026-06-03 17:56:37, MOVE, v:1, k:fup@alcaparras, mode:PICK
2026-06-03 17:56:38, EXEC, v:1, k:fup@alcaparras, mode:FULL, rate:0, size:5
2026-06-03 17:57:07, EXEC, v:1, k:fup@alcaparras, mode:FULL, rate:100, size:30
2026-06-03 17:57:08, MOVE, v:1, k:fup@alcaparras, mode:BACK
2026-06-03 17:57:14, SELF, v:1, k:fup@alcaparras, self:1, rate:100
2026-06-03 17:57:17, MOVE, v:1, k:fup@valdiskley, mode:DOWN
2026-06-03 17:57:18, MOVE, v:1, k:fup@valdiskley, mode:PICK
2026-06-03 17:57:19, EXEC, v:1, k:fup@valdiskley, mode:FULL, rate:0, size:5
2026-06-03 17:58:14, EXEC, v:1, k:fup@valdiskley, mode:FULL, rate:100, size:21
2026-06-03 17:58:33, MOVE, v:1, k:fup@valdiskley, mode:BACK
2026-06-03 17:58:37, SELF, v:1, k:fup@valdiskley, self:1, rate:100
2026-06-03 17:58:42, MOVE, v:1, k:fup@avestruz, mode:DOWN
2026-06-03 17:58:42, MOVE, v:1, k:fup@avestruz, mode:PICK
2026-06-03 17:58:44, EXEC, v:1, k:fup@avestruz, mode:FULL, rate:0, size:5
2026-06-03 17:59:10, EXEC, v:1, k:fup@avestruz, mode:FULL, rate:100, size:31
2026-06-03 17:59:12, MOVE, v:1, k:fup@avestruz, mode:BACK
2026-06-03 17:59:19, SELF, v:1, k:fup@avestruz, self:1, rate:100
2026-06-03 17:59:22, MOVE, v:1, k:fup@crushometro, mode:DOWN
2026-06-03 17:59:23, MOVE, v:1, k:fup@crushometro, mode:PICK
2026-06-03 17:59:51, EXEC, v:1, k:fup@crushometro, mode:FULL, rate:0, size:5
2026-06-03 17:59:57, EXEC, v:1, k:fup@crushometro, mode:FULL, rate:100, size:63
2026-06-03 17:59:59, MOVE, v:1, k:fup@crushometro, mode:BACK
2026-06-03 17:55:16, MOVE, v:1, k:fup@bubula, mode:EDIT
2026-06-03 17:55:17, MOVE, v:1, k:fup@bubula, mode:EDIT
2026-06-03 17:55:28, MOVE, v:1, k:fup@datilografar, mode:EDIT
2026-06-03 17:55:47, MOVE, v:1, k:fup@ascologia, mode:EDIT
2026-06-03 17:55:47, MOVE, v:1, k:fup@ascologia, mode:EDIT
2026-06-03 17:56:24, MOVE, v:1, k:fup@ascologia, mode:EDIT
2026-06-03 17:56:23, MOVE, v:1, k:fup@ascologia, mode:EDIT
2026-06-03 17:56:37, MOVE, v:1, k:fup@alcaparras, mode:EDIT
2026-06-03 17:56:37, MOVE, v:1, k:fup@alcaparras, mode:EDIT
2026-06-03 17:57:07, MOVE, v:1, k:fup@alcaparras, mode:EDIT
2026-06-03 17:57:06, MOVE, v:1, k:fup@alcaparras, mode:EDIT
2026-06-03 17:57:17, MOVE, v:1, k:fup@valdiskley, mode:EDIT
2026-06-03 17:57:17, MOVE, v:1, k:fup@valdiskley, mode:EDIT
2026-06-03 17:58:13, MOVE, v:1, k:fup@valdiskley, mode:EDIT
2026-06-03 17:58:14, MOVE, v:1, k:fup@valdiskley, mode:EDIT
2026-06-03 17:58:42, MOVE, v:1, k:fup@avestruz, mode:EDIT
2026-06-03 17:58:42, MOVE, v:1, k:fup@avestruz, mode:EDIT
2026-06-03 17:59:10, MOVE, v:1, k:fup@avestruz, mode:EDIT
2026-06-03 17:59:09, MOVE, v:1, k:fup@avestruz, mode:EDIT
2026-06-03 17:59:22, MOVE, v:1, k:fup@crushometro, mode:EDIT
2026-06-03 17:59:22, MOVE, v:1, k:fup@crushometro, mode:EDIT
2026-06-03 17:59:56, MOVE, v:1, k:fup@crushometro, mode:EDIT
2026-06-03 17:59:57, MOVE, v:1, k:fup@crushometro, mode:EDIT
2026-06-03 18:00:08, SELF, v:1, k:fup@crushometro, self:1, rate:100
2026-06-03 18:00:12, MOVE, v:1, k:fup@perfeicao, mode:DOWN
2026-06-03 18:00:12, MOVE, v:1, k:fup@perfeicao, mode:PICK
2026-06-03 18:00:39, MOVE, v:1, k:fup@perfeicao, mode:BACK
2026-06-03 18:00:41, MOVE, v:1, k:fup@gagueira, mode:DOWN
2026-06-03 18:00:42, MOVE, v:1, k:fup@gagueira, mode:PICK
2026-06-03 18:00:43, EXEC, v:1, k:fup@gagueira, mode:FULL, rate:0, size:5
2026-06-03 18:00:53, EXEC, v:1, k:fup@gagueira, mode:FULL, rate:100, size:27
2026-06-03 18:01:01, MOVE, v:1, k:fup@gagueira, mode:BACK
2026-06-03 18:01:51, MOVE, v:1, k:fup@impedido, mode:DOWN
2026-06-03 18:01:52, MOVE, v:1, k:fup@impedido, mode:PICK
2026-06-03 18:01:53, EXEC, v:1, k:fup@impedido, mode:FULL, rate:0, size:5
2026-06-03 18:00:11, MOVE, v:1, k:fup@perfeicao, mode:EDIT
2026-06-03 18:00:12, MOVE, v:1, k:fup@perfeicao, mode:EDIT
2026-06-03 18:00:41, MOVE, v:1, k:fup@gagueira, mode:EDIT
2026-06-03 18:00:41, MOVE, v:1, k:fup@gagueira, mode:EDIT
2026-06-03 18:00:52, MOVE, v:1, k:fup@gagueira, mode:EDIT
2026-06-03 18:00:53, MOVE, v:1, k:fup@gagueira, mode:EDIT
2026-06-03 18:01:51, MOVE, v:1, k:fup@impedido, mode:EDIT
2026-06-03 18:01:51, MOVE, v:1, k:fup@impedido, mode:EDIT
2026-06-03 18:01:53, MOVE, v:1, k:fup@impedido, mode:EDIT
2026-06-03 18:05:06, EXEC, v:1, k:fup@impedido, mode:FULL, rate:100, size:17
2026-06-03 18:05:52, MOVE, v:1, k:fup@impedido, mode:BACK
2026-06-03 18:05:56, MOVE, v:1, k:fup@maximo, mode:DOWN
2026-06-03 18:05:56, MOVE, v:1, k:fup@maximo, mode:PICK
2026-06-03 18:06:01, EXEC, v:1, k:fup@maximo, mode:FULL, rate:0, size:5
2026-06-03 18:06:26, EXEC, v:1, k:fup@maximo, mode:FULL, rate:100, size:15
2026-06-03 18:06:28, MOVE, v:1, k:fup@maximo, mode:BACK
2026-06-03 18:06:39, MOVE, v:1, k:fup@chaves, mode:DOWN
2026-06-03 18:06:39, MOVE, v:1, k:fup@chaves, mode:PICK
2026-06-03 18:06:41, EXEC, v:1, k:fup@chaves, mode:FULL, rate:0, size:5
2026-06-03 18:07:04, EXEC, v:1, k:fup@chaves, mode:FULL, rate:100, size:17
2026-06-03 18:07:08, MOVE, v:1, k:fup@chaves, mode:BACK
2026-06-03 18:07:32, MOVE, v:1, k:fup@chute, mode:DOWN
2026-06-03 18:07:33, MOVE, v:1, k:fup@chute, mode:PICK
2026-06-03 18:07:52, MOVE, v:1, k:fup@chute, mode:PICK
2026-06-03 18:07:53, EXEC, v:1, k:fup@chute, mode:FULL, rate:0, size:5
2026-06-03 18:08:16, EXEC, v:1, k:fup@chute, mode:FULL, rate:100, size:29
2026-06-03 18:08:24, MOVE, v:1, k:fup@chute, mode:BACK
2026-06-03 18:08:31, MOVE, v:1, k:fup@maior, mode:DOWN
2026-06-03 18:08:32, MOVE, v:1, k:fup@maior, mode:PICK
2026-06-03 18:09:16, MOVE, v:1, k:fup@maior, mode:PICK
2026-06-03 18:09:17, EXEC, v:1, k:fup@maior, mode:FULL, rate:0, size:5
2026-06-03 18:09:40, EXEC, v:1, k:fup@maior, mode:FULL, rate:60, size:20
2026-06-03 18:10:27, EXEC, v:1, k:fup@maior, mode:FULL, rate:60, size:18
2026-06-03 18:10:58, EXEC, v:1, k:fup@maior, mode:FULL, rate:60, size:16
2026-06-03 18:11:03, EXEC, v:1, k:fup@maior, mode:FULL, rate:60
2026-06-03 18:11:04, EXEC, v:1, k:fup@maior, mode:FULL, rate:60
2026-06-03 18:11:04, EXEC, v:1, k:fup@maior, mode:FULL, rate:60
2026-06-03 18:11:05, EXEC, v:1, k:fup@maior, mode:FULL, rate:60
2026-06-03 18:11:05, EXEC, v:1, k:fup@maior, mode:FULL, rate:60
2026-06-03 18:11:05, EXEC, v:1, k:fup@maior, mode:FULL, rate:60
2026-06-03 18:11:06, EXEC, v:1, k:fup@maior, mode:FULL, rate:60
2026-06-03 18:11:58, EXEC, v:1, k:fup@maior, mode:FULL, rate:0, size:16
2026-06-03 18:12:34, EXEC, v:1, k:fup@maior, mode:FULL, rate:100, size:16
2026-06-03 18:12:36, MOVE, v:1, k:fup@maior, mode:BACK
2026-06-03 18:12:39, MOVE, v:1, k:fup@morangos, mode:DOWN
2026-06-03 18:12:40, MOVE, v:1, k:fup@morangos, mode:PICK
2026-06-03 18:12:59, SELF, v:1, k:fup@impedido, self:1, rate:100
2026-06-03 18:12:59, MOVE, v:1, k:fup@impedido, mode:PICK
2026-06-03 18:13:01, MOVE, v:1, k:fup@impedido, mode:BACK
2026-06-03 18:13:05, SELF, v:1, k:fup@maximo, self:1, rate:100
2026-06-03 18:13:09, SELF, v:1, k:fup@chaves, self:1, rate:100
2026-06-03 18:13:12, SELF, v:1, k:fup@chute, self:1, rate:100
2026-06-03 18:13:16, SELF, v:1, k:fup@maior, self:1, rate:100
2026-06-03 18:14:13, MOVE, v:1, k:fup@morangos, mode:PICK
2026-06-03 18:14:14, EXEC, v:1, k:fup@morangos, mode:FULL, rate:0, size:5
2026-06-03 18:15:04, EXEC, v:1, k:fup@morangos, mode:FULL, rate:100, size:18
2026-06-03 18:15:06, MOVE, v:1, k:fup@morangos, mode:BACK
2026-06-03 18:15:16, SELF, v:1, k:fup@morangos, self:1, rate:100
2026-06-03 18:15:27, MOVE, v:1, k:fup@taxi, mode:DOWN
2026-06-03 18:15:27, MOVE, v:1, k:fup@taxi, mode:PICK
2026-06-03 18:15:49, EXEC, v:1, k:fup@taxi, mode:FULL, rate:100, size:15
2026-06-03 18:15:50, MOVE, v:1, k:fup@taxi, mode:BACK
2026-06-03 18:15:55, SELF, v:1, k:fup@taxi, self:1, rate:100
2026-06-03 18:16:03, MOVE, v:1, k:fup@zerinho, mode:DOWN
2026-06-03 18:16:03, MOVE, v:1, k:fup@zerinho, mode:PICK
2026-06-03 18:16:04, EXEC, v:1, k:fup@zerinho, mode:FULL, rate:0, size:5
2026-06-03 18:16:28, EXEC, v:1, k:fup@zerinho, mode:FULL, rate:100, size:21
2026-06-03 18:16:29, MOVE, v:1, k:fup@zerinho, mode:BACK
2026-06-03 18:16:33, SELF, v:1, k:fup@zerinho, self:1, rate:100
2026-06-03 18:16:33, MOVE, v:1, k:fup@zerinho, mode:PICK
2026-06-03 18:16:34, EXEC, v:1, k:fup@zerinho, mode:FULL, rate:100
2026-06-03 18:16:35, EXEC, v:1, k:fup@zerinho, mode:FULL, rate:100
2026-06-03 18:16:35, EXEC, v:1, k:fup@zerinho, mode:FULL, rate:100
2026-06-03 18:16:36, EXEC, v:1, k:fup@zerinho, mode:FULL, rate:100
2026-06-03 18:16:36, MOVE, v:1, k:fup@zerinho, mode:BACK
2026-06-03 18:16:53, MOVE, v:1, k:fup@par, mode:DOWN
2026-06-03 18:16:55, MOVE, v:1, k:fup@par, mode:PICK
2026-06-03 18:16:57, EXEC, v:1, k:fup@par, mode:FULL, rate:0, size:5
2026-06-03 18:18:19, EXEC, v:1, k:fup@par, mode:FULL, rate:100, size:15
2026-06-03 18:18:21, MOVE, v:1, k:fup@par, mode:BACK
2026-06-03 18:18:25, SELF, v:1, k:fup@par, self:1, rate:100
2026-06-03 18:18:34, MOVE, v:1, k:fup@divisiveis, mode:DOWN
2026-06-03 18:18:34, MOVE, v:1, k:fup@divisiveis, mode:PICK
2026-06-03 18:18:36, EXEC, v:1, k:fup@divisiveis, mode:FULL, rate:0, size:5
2026-06-03 18:19:02, EXEC, v:1, k:fup@divisiveis, mode:FULL, rate:100, size:15
2026-06-03 18:19:07, MOVE, v:1, k:fup@divisiveis, mode:BACK
2026-06-03 18:19:11, SELF, v:1, k:fup@divisiveis, self:1, rate:100
2026-06-03 18:19:13, MOVE, v:1, k:fup@xadrez, mode:DOWN
2026-06-03 18:19:14, MOVE, v:1, k:fup@xadrez, mode:PICK
2026-06-03 18:19:34, MOVE, v:1, k:fup@xadrez, mode:PICK
2026-06-03 18:20:05, MOVE, v:1, k:fup@xadrez, mode:PICK
2026-06-03 18:20:06, EXEC, v:1, k:fup@xadrez, mode:FULL, rate:0, size:5
2026-06-03 18:20:29, EXEC, v:1, k:fup@xadrez, mode:FULL, rate:100, size:15
2026-06-03 18:20:30, MOVE, v:1, k:fup@xadrez, mode:BACK
2026-06-03 18:20:41, SELF, v:1, k:fup@xadrez, self:1, rate:100
2026-06-03 18:20:52, MOVE, v:1, k:fup@americano, mode:DOWN
2026-06-03 18:20:53, MOVE, v:1, k:fup@americano, mode:PICK
2026-06-03 18:20:54, EXEC, v:1, k:fup@americano, mode:FULL, rate:0, size:5
2026-06-03 18:21:14, EXEC, v:1, k:fup@americano, mode:FULL, rate:100, size:27
2026-06-03 18:21:15, MOVE, v:1, k:fup@americano, mode:BACK
2026-06-03 18:21:22, SELF, v:1, k:fup@americano, self:1, rate:100
2026-06-03 18:21:24, MOVE, v:1, k:fup@jokenpo15, mode:DOWN
2026-06-03 18:21:25, MOVE, v:1, k:fup@jokenpo15, mode:PICK
2026-06-03 18:21:26, EXEC, v:1, k:fup@jokenpo15, mode:FULL, rate:0, size:5
2026-06-03 18:21:47, EXEC, v:1, k:fup@jokenpo15, mode:FULL, rate:100, size:21
2026-06-03 18:21:55, MOVE, v:1, k:fup@jokenpo15, mode:BACK
2026-06-03 18:21:59, SELF, v:1, k:fup@jokenpo15, self:1, rate:100
2026-06-03 18:22:07, MOVE, v:1, k:fup@loops, mode:DOWN
2026-06-03 18:22:08, MOVE, v:1, k:fup@loops, mode:PICK
2026-06-03 18:22:09, EXEC, v:1, k:fup@loops, mode:FULL, rate:0, size:5
2026-06-03 18:22:32, EXEC, v:1, k:fup@loops, mode:FULL, rate:100, size:13
2026-06-03 18:22:33, MOVE, v:1, k:fup@loops, mode:BACK
2026-06-03 18:22:42, SELF, v:1, k:fup@loops, self:1, rate:100
2026-06-03 18:22:44, MOVE, v:1, k:fup@domino, mode:DOWN
2026-06-03 18:22:45, MOVE, v:1, k:fup@domino, mode:PICK
2026-06-03 18:22:46, EXEC, v:1, k:fup@domino, mode:FULL, rate:0, size:5
2026-06-03 18:23:11, EXEC, v:1, k:fup@domino, mode:FULL, rate:100, size:11
2026-06-03 18:23:13, MOVE, v:1, k:fup@domino, mode:BACK
2026-06-03 18:23:16, SELF, v:1, k:fup@domino, self:1, rate:100
2026-06-03 18:23:29, MOVE, v:1, k:fup@bundona, mode:DOWN
2026-06-03 18:23:29, MOVE, v:1, k:fup@bundona, mode:PICK
2026-06-03 18:23:30, EXEC, v:1, k:fup@bundona, mode:FULL, rate:0, size:5
2026-06-03 18:23:54, EXEC, v:1, k:fup@bundona, mode:FULL, rate:85, size:26
2026-06-03 18:24:17, EXEC, v:1, k:fup@bundona, mode:FULL, rate:85, size:28
2026-06-03 18:24:40, EXEC, v:1, k:fup@bundona, mode:FULL, rate:85, size:28
2026-06-03 18:20:29, MOVE, v:1, k:fup@xadrez, mode:EDIT
2026-06-03 18:20:27, MOVE, v:1, k:fup@xadrez, mode:EDIT
2026-06-03 18:20:52, MOVE, v:1, k:fup@americano, mode:EDIT
2026-06-03 18:20:52, MOVE, v:1, k:fup@americano, mode:EDIT
2026-06-03 18:21:13, MOVE, v:1, k:fup@americano, mode:EDIT
2026-06-03 18:21:14, MOVE, v:1, k:fup@americano, mode:EDIT
2026-06-03 18:21:24, MOVE, v:1, k:fup@jokenpo15, mode:EDIT
2026-06-03 18:21:24, MOVE, v:1, k:fup@jokenpo15, mode:EDIT
2026-06-03 18:21:47, MOVE, v:1, k:fup@jokenpo15, mode:EDIT
2026-06-03 18:21:46, MOVE, v:1, k:fup@jokenpo15, mode:EDIT
2026-06-03 18:22:07, MOVE, v:1, k:fup@loops, mode:EDIT
2026-06-03 18:22:07, MOVE, v:1, k:fup@loops, mode:EDIT
2026-06-03 18:22:30, MOVE, v:1, k:fup@loops, mode:EDIT
2026-06-03 18:22:32, MOVE, v:1, k:fup@loops, mode:EDIT
2026-06-03 18:22:44, MOVE, v:1, k:fup@domino, mode:EDIT
2026-06-03 18:22:44, MOVE, v:1, k:fup@domino, mode:EDIT
2026-06-03 18:23:11, MOVE, v:1, k:fup@domino, mode:EDIT
2026-06-03 18:23:09, MOVE, v:1, k:fup@domino, mode:EDIT
2026-06-03 18:23:29, MOVE, v:1, k:fup@bundona, mode:EDIT
2026-06-03 18:23:29, MOVE, v:1, k:fup@bundona, mode:EDIT
2026-06-03 18:24:40, MOVE, v:1, k:fup@bundona, mode:EDIT
2026-06-03 18:24:39, MOVE, v:1, k:fup@bundona, mode:EDIT
2026-06-03 18:25:05, EXEC, v:1, k:fup@bundona, mode:FULL, rate:85, size:28
2026-06-03 18:25:31, EXEC, v:1, k:fup@bundona, mode:FULL, rate:0, size:28
2026-06-03 18:26:33, EXEC, v:1, k:fup@bundona, mode:FULL, rate:85, size:28
2026-06-03 18:26:40, EXEC, v:1, k:fup@bundona, mode:FULL, rate:85
2026-06-03 18:26:42, MOVE, v:1, k:fup@bundona, mode:BACK
2026-06-03 18:26:47, MOVE, v:1, k:fup@omeletao, mode:DOWN
2026-06-03 18:26:47, MOVE, v:1, k:fup@omeletao, mode:PICK
2026-06-03 18:26:48, EXEC, v:1, k:fup@omeletao, mode:FULL, rate:0, size:5
2026-06-03 18:27:20, EXEC, v:1, k:fup@omeletao, mode:FULL, rate:100, size:23
2026-06-03 18:27:21, MOVE, v:1, k:fup@omeletao, mode:BACK
2026-06-03 18:27:25, SELF, v:1, k:fup@omeletao, self:1, rate:100
2026-06-03 18:27:29, SELF, v:1, k:fup@bundona, self:1, rate:85
2026-06-03 18:27:45, MOVE, v:1, k:fup@quiz, mode:DOWN
2026-06-03 18:27:45, MOVE, v:1, k:fup@quiz, mode:PICK
2026-06-03 18:27:47, EXEC, v:1, k:fup@quiz, mode:FULL, rate:0, size:5
2026-06-03 18:28:22, EXEC, v:1, k:fup@quiz, mode:FULL, rate:100, size:35
2026-06-03 18:28:23, MOVE, v:1, k:fup@quiz, mode:BACK
2026-06-03 18:28:28, SELF, v:1, k:fup@quiz, self:1, rate:100
2026-06-03 18:28:33, MOVE, v:1, k:fup@sono, mode:DOWN
2026-06-03 18:28:33, MOVE, v:1, k:fup@sono, mode:PICK
2026-06-03 18:28:55, MOVE, v:1, k:fup@sono, mode:PICK
2026-06-03 18:28:56, EXEC, v:1, k:fup@sono, mode:FULL, rate:0, size:5
2026-06-03 18:29:26, EXEC, v:1, k:fup@sono, mode:FULL, rate:88, size:26
2026-06-03 18:29:47, EXEC, v:1, k:fup@sono, mode:FULL, rate:88, size:25
2026-06-03 18:29:52, MOVE, v:1, k:fup@sono, mode:BACK
2026-06-03 18:29:59, SELF, v:1, k:fup@sono, self:1, rate:88
2026-06-03 18:30:02, MOVE, v:1, k:fup@adedonha, mode:DOWN
2026-06-03 18:30:03, MOVE, v:1, k:fup@adedonha, mode:PICK
2026-06-03 18:30:04, EXEC, v:1, k:fup@adedonha, mode:FULL, rate:0, size:5
2026-06-03 18:30:30, EXEC, v:1, k:fup@adedonha, mode:FULL, rate:8, size:16
2026-06-03 18:31:08, EXEC, v:1, k:fup@adedonha, mode:FULL, rate:0, size:16
2026-06-03 18:31:38, EXEC, v:1, k:fup@adedonha, mode:FULL, rate:8, size:16
2026-06-03 18:31:48, EXEC, v:1, k:fup@adedonha, mode:FULL, rate:0, size:16
2026-06-03 18:32:33, EXEC, v:1, k:fup@adedonha, mode:FULL, rate:8, size:16
2026-06-03 18:33:29, EXEC, v:1, k:fup@adedonha, mode:FULL, size:28, fail:COMP
2026-06-03 18:29:47, MOVE, v:1, k:fup@sono, mode:EDIT
2026-06-03 18:29:46, MOVE, v:1, k:fup@sono, mode:EDIT
2026-06-03 18:30:02, MOVE, v:1, k:fup@adedonha, mode:EDIT
2026-06-03 18:30:02, MOVE, v:1, k:fup@adedonha, mode:EDIT
2026-06-03 18:32:33, MOVE, v:1, k:fup@adedonha, mode:EDIT
2026-06-03 18:33:27, MOVE, v:1, k:fup@adedonha, mode:EDIT
2026-06-03 18:34:22, EXEC, v:1, k:fup@adedonha, mode:FULL, rate:100, size:23
2026-06-03 18:34:23, MOVE, v:1, k:fup@adedonha, mode:BACK
2026-06-03 18:34:27, SELF, v:1, k:fup@adedonha, self:1, rate:100
2026-06-03 18:34:29, MOVE, v:1, k:fup@segundo, mode:DOWN
2026-06-03 18:34:30, MOVE, v:1, k:fup@segundo, mode:PICK
2026-06-03 18:34:31, EXEC, v:1, k:fup@segundo, mode:FULL, rate:0, size:5
2026-06-03 18:34:58, EXEC, v:1, k:fup@segundo, mode:FULL, rate:100, size:29
2026-06-03 18:34:59, MOVE, v:1, k:fup@segundo, mode:BACK
2026-06-03 18:35:02, MOVE, v:1, k:fup@bolada, mode:DOWN
2026-06-03 18:35:02, MOVE, v:1, k:fup@bolada, mode:PICK
2026-06-03 18:35:03, EXEC, v:1, k:fup@bolada, mode:FULL, rate:0, size:5
2026-06-03 18:35:40, EXEC, v:1, k:fup@bolada, mode:FULL, rate:100, size:33
2026-06-03 18:35:42, MOVE, v:1, k:fup@bolada, mode:BACK
2026-06-03 18:35:47, MOVE, v:1, k:fup@bonzinho, mode:DOWN
2026-06-03 18:35:48, MOVE, v:1, k:fup@bonzinho, mode:PICK
2026-06-03 18:35:50, EXEC, v:1, k:fup@bonzinho, mode:FULL, rate:0, size:5
2026-06-03 18:36:16, EXEC, v:1, k:fup@bonzinho, mode:FULL, rate:100, size:29
2026-06-03 18:36:17, MOVE, v:1, k:fup@bonzinho, mode:BACK
2026-06-03 18:36:24, MOVE, v:1, k:fup@bundona, mode:PICK
2026-06-03 18:36:25, EXEC, v:1, k:fup@bundona, mode:FULL, rate:85
2026-06-03 18:36:49, EXEC, v:1, k:fup@bundona, mode:FULL, rate:85, size:33
2026-06-03 18:37:17, EXEC, v:1, k:fup@bundona, mode:FULL, rate:85, size:33
2026-06-03 18:38:05, EXEC, v:1, k:fup@bundona, mode:FULL, rate:85, size:31
2026-06-03 18:38:06, MOVE, v:1, k:fup@bundona, mode:BACK
2026-06-03 18:38:40, MOVE, v:1, k:fup@quebrada, mode:PICK
2026-06-03 18:38:41, EXEC, v:1, k:fup@quebrada, mode:FULL, rate:0, size:5
2026-06-03 18:34:21, MOVE, v:1, k:fup@adedonha, mode:EDIT
2026-06-03 18:34:22, MOVE, v:1, k:fup@adedonha, mode:EDIT
2026-06-03 18:34:29, MOVE, v:1, k:fup@segundo, mode:EDIT
2026-06-03 18:34:29, MOVE, v:1, k:fup@segundo, mode:EDIT
2026-06-03 18:34:57, MOVE, v:1, k:fup@segundo, mode:EDIT
2026-06-03 18:34:58, MOVE, v:1, k:fup@segundo, mode:EDIT
2026-06-03 18:35:02, MOVE, v:1, k:fup@bolada, mode:EDIT
2026-06-03 18:35:02, MOVE, v:1, k:fup@bolada, mode:EDIT
2026-06-03 18:35:39, MOVE, v:1, k:fup@bolada, mode:EDIT
2026-06-03 18:35:40, MOVE, v:1, k:fup@bolada, mode:EDIT
2026-06-03 18:35:47, MOVE, v:1, k:fup@bonzinho, mode:EDIT
2026-06-03 18:35:47, MOVE, v:1, k:fup@bonzinho, mode:EDIT
2026-06-03 18:36:15, MOVE, v:1, k:fup@bonzinho, mode:EDIT
2026-06-03 18:36:15, MOVE, v:1, k:fup@bonzinho, mode:EDIT
2026-06-03 18:38:05, MOVE, v:1, k:fup@bundona, mode:EDIT
2026-06-03 18:38:04, MOVE, v:1, k:fup@bundona, mode:EDIT
2026-06-03 18:38:41, MOVE, v:1, k:fup@quebrada, mode:EDIT
2026-06-03 18:39:13, EXEC, v:1, k:fup@quebrada, mode:FULL, rate:100, size:21
2026-06-03 18:39:15, MOVE, v:1, k:fup@quebrada, mode:BACK
2026-06-03 18:39:20, SELF, v:1, k:fup@quebrada, self:1, rate:100, concept:1
2026-06-03 18:39:26, MOVE, v:1, k:fup@operacoes, mode:DOWN
2026-06-03 18:39:26, MOVE, v:1, k:fup@operacoes, mode:PICK
2026-06-03 18:39:27, EXEC, v:1, k:fup@operacoes, mode:FULL, rate:0, size:5
2026-06-03 18:39:58, EXEC, v:1, k:fup@operacoes, mode:FULL, rate:100, size:25
2026-06-03 18:40:38, MOVE, v:1, k:fup@operacoes, mode:BACK
2026-06-03 18:40:42, SELF, v:1, k:fup@operacoes, self:1, rate:100
2026-06-03 18:40:42, MOVE, v:1, k:fup@operacoes, mode:PICK
2026-06-03 18:40:43, MOVE, v:1, k:fup@operacoes, mode:BACK
2026-06-03 18:40:52, MOVE, v:1, k:fup@data, mode:DOWN
2026-06-03 18:40:53, MOVE, v:1, k:fup@data, mode:PICK
2026-06-03 18:40:54, EXEC, v:1, k:fup@data, mode:FULL, rate:0, size:5
2026-06-03 18:41:51, EXEC, v:1, k:fup@data, mode:FULL, rate:100, size:17
2026-06-03 18:41:53, MOVE, v:1, k:fup@data, mode:BACK
2026-06-03 18:41:58, SELF, v:1, k:fup@data, self:1, rate:100
2026-06-03 18:42:07, MOVE, v:1, k:fup@opala, mode:DOWN
2026-06-03 18:42:08, MOVE, v:1, k:fup@opala, mode:PICK
2026-06-03 18:42:08, EXEC, v:1, k:fup@opala, mode:FULL, rate:0, size:5
2026-06-03 18:42:37, EXEC, v:1, k:fup@opala, mode:FULL, rate:100, size:19
2026-06-03 18:42:38, MOVE, v:1, k:fup@opala, mode:BACK
2026-06-03 18:42:42, SELF, v:1, k:fup@opala, self:1, rate:100
2026-06-03 18:43:10, SELF, v:1, k:fup@loop_v, self:1
2026-06-03 18:43:13, MOVE, v:1, k:fup@loop_v, mode:PICK
