2026-04-07 16:44:25, MOVE, v:1, k:fup@mumia, mode:PICK
2026-04-07 16:44:27, EXEC, v:1, k:fup@mumia, mode:FULL, rate:0
2026-04-07 16:44:29, EXEC, v:1, k:fup@mumia, mode:FREE
2026-04-07 16:46:32, MOVE, v:1, k:fup@mumia, mode:PICK
2026-04-07 16:46:33, EXEC, v:1, k:fup@mumia, mode:FULL, rate:0
2026-04-07 16:46:33, MOVE, v:1, k:fup@mumia, mode:EDIT
2026-04-07 16:50:52, EXEC, v:1, k:fup@mumia, mode:FULL, rate:0
2026-04-07 16:51:13, EXEC, v:1, k:fup@mumia, mode:FULL, rate:0, size:11
2026-04-07 16:51:20, EXEC, v:1, k:fup@mumia, mode:FULL, rate:22, size:11
2026-04-07 16:51:20, MOVE, v:1, k:fup@mumia, mode:EDIT
2026-04-07 16:51:19, MOVE, v:1, k:fup@mumia, mode:EDIT
2026-04-07 16:51:38, EXEC, v:1, k:fup@mumia, mode:FULL, rate:22, size:11
2026-04-07 16:51:38, MOVE, v:1, k:fup@mumia, mode:EDIT
2026-04-07 16:53:46, MOVE, v:1, k:fup@mumia, mode:EDIT
2026-04-07 16:55:45, EXEC, v:1, k:fup@mumia, mode:FULL, size:18, fail:COMP
2026-04-07 16:55:57, EXEC, v:1, k:fup@mumia, mode:FULL, rate:22, size:19
2026-04-07 16:56:17, EXEC, v:1, k:fup@mumia, mode:FULL, rate:33, size:19
2026-04-07 16:56:28, MOVE, v:1, k:fup@mumia, mode:EDIT
2026-04-07 16:56:17, MOVE, v:1, k:fup@mumia, mode:EDIT
2026-04-07 16:56:31, EXEC, v:1, k:fup@mumia, mode:FULL, rate:44, size:19
2026-04-07 16:56:43, EXEC, v:1, k:fup@mumia, mode:FULL, rate:44, size:19
2026-04-07 16:56:51, EXEC, v:1, k:fup@mumia, mode:FULL, rate:44, size:19
2026-04-07 16:57:11, EXEC, v:1, k:fup@mumia, mode:FULL, rate:44, size:19
2026-04-07 16:57:21, EXEC, v:1, k:fup@mumia, mode:FULL, rate:55, size:19
2026-04-07 16:58:26, EXEC, v:1, k:fup@mumia, mode:FULL, rate:55, size:19
2026-04-07 16:58:24, MOVE, v:1, k:fup@mumia, mode:EDIT
2026-04-07 16:58:26, MOVE, v:1, k:fup@mumia, mode:EDIT
2026-04-07 16:59:10, EXEC, v:1, k:fup@mumia, mode:FULL, rate:0, size:19
2026-04-07 16:59:20, EXEC, v:1, k:fup@mumia, mode:FULL, rate:0, size:19
2026-04-07 17:00:20, EXEC, v:1, k:fup@mumia, mode:FULL, rate:0, size:19
2026-04-07 17:00:28, EXEC, v:1, k:fup@mumia, mode:FULL, rate:0, size:19
2026-04-07 17:00:27, MOVE, v:1, k:fup@mumia, mode:EDIT
2026-04-07 17:00:28, MOVE, v:1, k:fup@mumia, mode:EDIT
2026-04-07 17:03:46, MOVE, v:1, k:fup@mumia, mode:EDIT
2026-04-07 17:00:28, MOVE, v:1, k:fup@mumia, mode:EDIT
2026-04-07 17:03:55, EXEC, v:1, k:fup@mumia, mode:FULL, rate:66, size:19
2026-04-07 17:05:26, EXEC, v:1, k:fup@mumia, mode:FULL, size:19, fail:COMP
2026-04-07 17:05:37, EXEC, v:1, k:fup@mumia, mode:FULL, rate:66, size:19
2026-04-07 17:05:36, MOVE, v:1, k:fup@mumia, mode:EDIT
2026-04-07 17:05:37, MOVE, v:1, k:fup@mumia, mode:EDIT
2026-04-07 17:07:05, EXEC, v:1, k:fup@mumia, mode:FULL, size:19, fail:COMP
2026-04-07 17:07:16, EXEC, v:1, k:fup@mumia, mode:FULL, rate:22, size:18
2026-04-07 17:07:45, MOVE, v:1, k:fup@mumia, mode:PICK
2026-04-07 17:07:46, EXEC, v:1, k:fup@mumia, mode:FULL, rate:22
2026-04-07 17:08:36, EXEC, v:1, k:fup@mumia, mode:FULL, rate:22, size:19
2026-04-07 17:08:35, MOVE, v:1, k:fup@mumia, mode:EDIT
2026-04-07 17:08:36, MOVE, v:1, k:fup@mumia, mode:EDIT
2026-04-07 17:08:36, MOVE, v:1, k:fup@mumia, mode:EDIT
2026-04-07 17:12:39, MOVE, v:1, k:fup@mumia, mode:EDIT
2026-04-07 17:13:22, EXEC, v:1, k:fup@mumia, mode:FULL, size:19, fail:COMP
2026-04-07 17:13:30, EXEC, v:1, k:fup@mumia, mode:FULL, rate:0, size:19
2026-04-07 17:13:36, EXEC, v:1, k:fup@mumia, mode:FULL, rate:0, size:19
2026-04-07 17:13:46, MOVE, v:1, k:fup@mumia, mode:EDIT
2026-04-07 17:13:36, MOVE, v:1, k:fup@mumia, mode:EDIT
2026-04-07 17:13:52, EXEC, v:1, k:fup@mumia, mode:FULL, rate:22, size:19
2026-04-07 17:14:56, EXEC, v:1, k:fup@mumia, mode:FULL, rate:22, size:19
2026-04-07 17:15:15, EXEC, v:1, k:fup@mumia, mode:FULL, rate:22, size:19
2026-04-07 17:15:22, MOVE, v:1, k:fup@mumia, mode:EDIT
2026-04-07 17:15:15, MOVE, v:1, k:fup@mumia, mode:EDIT
2026-04-07 17:15:22, MOVE, v:1, k:fup@mumia, mode:EDIT
2026-04-07 17:15:15, MOVE, v:1, k:fup@mumia, mode:EDIT
2026-04-07 17:19:12, EXEC, v:1, k:fup@mumia, mode:FULL, rate:0, size:19
2026-04-07 17:19:40, EXEC, v:1, k:fup@mumia, mode:FULL, rate:100, size:19
2026-04-07 17:19:51, MOVE, v:1, k:fup@mumia, mode:BACK
2026-04-07 17:20:37, SELF, v:1, k:fup@mumia, self:1, rate:100, study:20, friend:hanna, concept:1
2026-04-07 17:22:14, MOVE, v:1, k:fup@meio, mode:DOWN
2026-04-07 17:22:15, MOVE, v:1, k:fup@meio, mode:PICK
2026-04-07 17:22:17, EXEC, v:1, k:fup@meio, mode:FULL, rate:0, size:5
2026-04-07 17:19:38, MOVE, v:1, k:fup@mumia, mode:EDIT
2026-04-07 17:19:40, MOVE, v:1, k:fup@mumia, mode:EDIT
2026-04-07 17:22:14, MOVE, v:1, k:fup@meio, mode:EDIT
2026-04-07 17:22:14, MOVE, v:1, k:fup@meio, mode:EDIT
2026-04-07 17:22:14, MOVE, v:1, k:fup@meio, mode:EDIT
2026-04-07 17:22:17, MOVE, v:1, k:fup@meio, mode:EDIT
2026-04-07 17:19:38, MOVE, v:1, k:fup@mumia, mode:EDIT
2026-04-07 17:19:40, MOVE, v:1, k:fup@mumia, mode:EDIT
2026-04-07 17:22:14, MOVE, v:1, k:fup@meio, mode:EDIT
2026-04-07 17:22:14, MOVE, v:1, k:fup@meio, mode:EDIT
2026-04-07 17:22:17, MOVE, v:1, k:fup@meio, mode:EDIT
2026-04-07 17:25:01, MOVE, v:1, k:fup@meio, mode:EDIT
2026-04-07 17:25:01, MOVE, v:1, k:fup@meio, mode:EDIT
2026-04-07 17:31:37, EXEC, v:1, k:fup@meio, mode:FULL, rate:40, size:9
2026-04-07 17:32:26, EXEC, v:1, k:fup@meio, mode:FULL, size:10, fail:COMP
2026-04-07 17:32:39, MOVE, v:1, k:fup@meio, mode:EDIT
2026-04-07 17:31:37, MOVE, v:1, k:fup@meio, mode:EDIT
2026-04-07 17:32:49, EXEC, v:1, k:fup@meio, mode:FULL, rate:60, size:11
2026-04-07 17:33:43, MOVE, v:1, k:fup@meio, mode:EDIT
2026-04-07 17:32:49, MOVE, v:1, k:fup@meio, mode:EDIT
2026-04-07 17:34:40, EXEC, v:1, k:fup@meio, mode:FULL, size:12, fail:COMP
2026-04-07 17:34:56, EXEC, v:1, k:fup@meio, mode:FULL, rate:80, size:13
2026-04-07 17:36:15, EXEC, v:1, k:fup@meio, mode:FULL, rate:80, size:13
2026-04-07 17:36:36, EXEC, v:1, k:fup@meio, mode:FULL, rate:100, size:13
2026-04-07 17:36:47, MOVE, v:1, k:fup@meio, mode:BACK
2026-04-07 17:37:20, SELF, v:1, k:fup@meio, self:1, rate:100, study:20, concept:1
2026-04-07 17:37:33, MOVE, v:1, k:fup@jokenpo, mode:DOWN
2026-04-07 17:37:34, MOVE, v:1, k:fup@jokenpo, mode:PICK
2026-04-07 17:37:36, EXEC, v:1, k:fup@jokenpo, mode:FULL, rate:0, size:5
2026-04-07 17:36:36, MOVE, v:1, k:fup@meio, mode:EDIT
2026-04-07 17:36:36, MOVE, v:1, k:fup@meio, mode:EDIT
2026-04-07 17:37:33, MOVE, v:1, k:fup@jokenpo, mode:EDIT
2026-04-07 17:37:33, MOVE, v:1, k:fup@jokenpo, mode:EDIT
2026-04-07 17:37:36, MOVE, v:1, k:fup@jokenpo, mode:EDIT
2026-04-07 17:36:36, MOVE, v:1, k:fup@meio, mode:EDIT
2026-04-07 17:36:36, MOVE, v:1, k:fup@meio, mode:EDIT
2026-04-07 17:37:33, MOVE, v:1, k:fup@jokenpo, mode:EDIT
2026-04-07 17:37:33, MOVE, v:1, k:fup@jokenpo, mode:EDIT
2026-04-07 17:37:33, MOVE, v:1, k:fup@jokenpo, mode:EDIT
2026-04-07 17:37:36, MOVE, v:1, k:fup@jokenpo, mode:EDIT
2026-04-07 17:41:58, MOVE, v:1, k:fup@jokenpo, mode:EDIT
2026-04-07 17:42:51, MOVE, v:1, k:fup@jokenpo, mode:EDIT
2026-04-07 17:47:39, MOVE, v:1, k:fup@jokenpo, mode:EDIT
2026-04-07 17:48:09, MOVE, v:1, k:fup@jokenpo, mode:EDIT
2026-04-07 17:52:41, MOVE, v:1, k:fup@jokenpo, mode:EDIT
2026-04-07 17:53:47, MOVE, v:1, k:fup@jokenpo, mode:EDIT
2026-04-07 17:53:58, EXEC, v:1, k:fup@jokenpo, mode:FULL, size:13, fail:COMP
2026-04-07 17:56:15, EXEC, v:1, k:fup@jokenpo, mode:FULL, fail:COMP
2026-04-07 17:57:42, EXEC, v:1, k:fup@jokenpo, mode:FULL, rate:0, size:13
2026-04-07 17:57:40, MOVE, v:1, k:fup@jokenpo, mode:EDIT
2026-04-07 17:57:42, MOVE, v:1, k:fup@jokenpo, mode:EDIT
2026-04-07 17:57:40, MOVE, v:1, k:fup@jokenpo, mode:EDIT
2026-04-07 17:57:42, MOVE, v:1, k:fup@jokenpo, mode:EDIT
2026-04-07 18:00:51, EXEC, v:1, k:fup@jokenpo, mode:FULL, size:13, fail:COMP
2026-04-07 18:02:45, EXEC, v:1, k:fup@jokenpo, mode:FULL, rate:37, size:16
2026-04-07 18:02:42, MOVE, v:1, k:fup@jokenpo, mode:EDIT
2026-04-07 18:02:44, MOVE, v:1, k:fup@jokenpo, mode:EDIT
2026-04-07 18:03:42, EXEC, v:1, k:fup@jokenpo, mode:FULL, size:16, fail:COMP
2026-04-07 18:03:40, MOVE, v:1, k:fup@jokenpo, mode:EDIT
2026-04-07 18:02:44, MOVE, v:1, k:fup@jokenpo, mode:EDIT
2026-04-07 18:05:16, EXEC, v:1, k:fup@jokenpo, mode:FULL, rate:37, size:16
2026-04-07 18:06:33, EXEC, v:1, k:fup@jokenpo, mode:FULL, size:16, fail:COMP
2026-04-07 18:06:47, EXEC, v:1, k:fup@jokenpo, mode:FULL, rate:37, size:16
2026-04-07 18:07:40, MOVE, v:1, k:fup@jokenpo, mode:EDIT
2026-04-07 18:06:47, MOVE, v:1, k:fup@jokenpo, mode:EDIT
2026-04-07 18:08:01, EXEC, v:1, k:fup@jokenpo, mode:FULL, size:17, fail:COMP
2026-04-07 18:08:14, EXEC, v:1, k:fup@jokenpo, mode:FULL, rate:0, size:17
2026-04-07 18:08:41, MOVE, v:1, k:fup@jokenpo, mode:EDIT
2026-04-07 18:08:14, MOVE, v:1, k:fup@jokenpo, mode:EDIT
2026-04-07 18:10:20, EXEC, v:1, k:fup@jokenpo, mode:FULL, rate:0, size:19
2026-04-07 18:12:39, MOVE, v:1, k:fup@jokenpo, mode:EDIT
2026-04-07 18:10:20, MOVE, v:1, k:fup@jokenpo, mode:EDIT
2026-04-07 18:13:21, EXEC, v:1, k:fup@jokenpo, mode:FULL, rate:0, size:19
2026-04-07 18:13:19, MOVE, v:1, k:fup@jokenpo, mode:EDIT
2026-04-07 18:13:21, MOVE, v:1, k:fup@jokenpo, mode:EDIT
2026-04-07 18:14:34, EXEC, v:1, k:fup@jokenpo, mode:FULL, rate:0, size:19
2026-04-07 18:15:45, EXEC, v:1, k:fup@jokenpo, mode:FULL, rate:0, size:19
2026-04-07 18:17:26, EXEC, v:1, k:fup@jokenpo, mode:FULL, rate:0, size:19
2026-04-07 18:17:25, MOVE, v:1, k:fup@jokenpo, mode:EDIT
2026-04-07 18:17:26, MOVE, v:1, k:fup@jokenpo, mode:EDIT
2026-04-07 18:17:25, MOVE, v:1, k:fup@jokenpo, mode:EDIT
2026-04-07 18:17:26, MOVE, v:1, k:fup@jokenpo, mode:EDIT
2026-04-07 18:19:31, EXEC, v:1, k:fup@jokenpo, mode:FULL, rate:37, size:18
2026-04-07 18:20:41, MOVE, v:1, k:fup@jokenpo, mode:BACK
2026-04-07 18:19:31, MOVE, v:1, k:fup@jokenpo, mode:EDIT
2026-04-07 18:19:31, MOVE, v:1, k:fup@jokenpo, mode:EDIT
